================================================================================
AUTOMATED ENHANCEMENT - REMAINING 336 INDIVIDUALS
================================================================================

[10/336] ✅ 668366: 1,468 words
[20/336] ✅ AJ TBS: 1,495 words
[30/336] ✅ Alexa: 1,646 words
[40/336] ✅ Andrea: 1,488 words

[50/336] Progress checkpoint...
[50/336] ✅ Asher: 1,488 words
[60/336] ✅ Ben E: 1,655 words
[70/336] ✅ BryanZ😱: 1,488 words
[80/336] ✅ Christina Hair: 1,812 words
[90/336] ✅ Dad: 1,749 words

[100/336] Progress checkpoint...
[100/336] ✅ Denise: 1,459 words
[110/336] ✅ Eva H: 1,547 words
[120/336] ✅ Grace Mullane: 1,652 words
[130/336] ✅ I own the place: 1,509 words
[140/336] ✅ JESS MONTH #16: 1,488 words

[150/336] Progress checkpoint...
[150/336] ✅ Jay: 1,570 words
[160/336] ✅ Julia-G Spinster: 1,652 words
[170/336] ✅ Kim Grounds: 1,578 words
[180/336] ✅ Mac: 1,488 words
[190/336] ✅ Mew: 1,757 words

[200/336] Progress checkpoint...
[200/336] ✅ Nathan: 1,488 words
[210/336] ✅ Ori is the best : 1,512 words
[220/336] ✅ Philip: 1,646 words
[230/336] ✅ Riley: 1,490 words
[240/336] ✅ Sarah L: 1,770 words

[250/336] Progress checkpoint...
[250/336] ✅ Sloan Wayne: 1,737 words
[260/336] ✅ Thigo Silvia: 1,655 words
[270/336] ✅ Veni The Sponsee: 1,664 words
[280/336] ✅ ant: 1,570 words
[290/336] ✅ d: 1,570 words

[300/336] Progress checkpoint...
[300/336] ✅ greg: 1,472 words
[310/336] ✅ meeting my mother…: 1,498 words
[320/336] ✅ quinn: 1,540 words
[330/336] ✅ stos stos: 1,495 words

================================================================================
✅ AUTOMATED ENHANCEMENT COMPLETE!
   Enhanced: 334
   Failed: 2
   Total: 336
================================================================================
