Loading data...
Generating deep reports for ALL 667 groups...
  Progress: 50/667 (7.5%)
  Error with +18506021143: division by zero
  Error with +12037278808: division by zero
  Error with Max & mike b: division by zero
  Error with +12138560099: division by zero
  Error with Steph 💕 & Julia Rain Grounds & Connor & Timmy Cooper: division by zero
  Error with Ian L & +14752985807: division by zero
  Error with Thot Daughter & sean & Oliver sponsee: division by zero
  Error with +15889379940: division by zero
  Progress: 100/667 (15.0%)
  Error with Thot Daughter & Just a Girl ~litteraly~ & toast Oreta & Oliver sponsee: division by zero
  Error with Potato & Thot Daughter & johnny o & Ellie Haney & +12034501832 & +12036500104 & emma k & +12038035594: division by zero
  Error with Thot Daughter & belladonna & fuck around and find out: division by zero
  Error with Dad & Aunt Eric Cell & Mark Cell & Connie & Alisha & Mom & Aidyn Toledo & Ethan Toledo & +12037107577 & +12038091854: division by zero
  Error with Daniel 24/7 Group: division by zero
  Error with Max & Julia Rain Grounds & Dre & Laura The Cool One & Dan M YATR & Fredrik Ytyr. & Potato: division by zero
  Error with +12033140914: division by zero
  Error with old toast & Just a Girl ~litteraly~: division by zero
  Error with Rose & Thot Daughter: division by zero
  Error with Marisa & Potato & +18603221382 & mike b: division by zero
  Error with Marisa & Max & +12039855755: division by zero
  Error with Marisa & Travis Bloom & +12039471507: division by zero
  Error with Cole & Isabel De Leon & Thigo Silvia & +12035810285 & Gabby: division by zero
  Progress: 150/667 (22.5%)
  Error with MOOSE T & Potato: division by zero
  Error with Marisa & Potato & Eric D Trumbull & PJ: division by zero
  Error with Julia Rain Grounds & BrookeG: division by zero
  Error with Thot Daughter & old toast: division by zero
  Error with Mom & Bill Gerber: division by zero
  Error with Garett & Chloe Lopez & +12035131454: division by zero
  Error with Steph 💕 & Bella & Dan M YATR: division by zero
  Error with Marisa & Potato & PJ: division by zero
  Error with Potato & Thot Daughter & sean & Oliver sponsee & Jessica & becca: division by zero
  Error with Potato & Thot Daughter & Alex & christine & belladonna & Natalia (young and restless): division by zero
  Error with Max & MOOSE T & gabe cohen & adien max house: division by zero
  Error with Cole & Isabel De Leon & Thigo Silvia: division by zero
  Error with Ellie Haney & +16312785810: division by zero
  Error with Thot Daughter & Oliver sponsee & nick: division by zero
  Error with Michael Kenny & Ron Anon K & James & Sarah L & Danielle Reprieve & Clif Coop & +12034948687: division by zero
  Error with Potato & Alex: division by zero
  Progress: 200/667 (30.0%)
  Error with +14074191074: division by zero
  Error with +12024224649: division by zero
  Error with Potato & Terminally Burt & sean: division by zero
  Error with Potato & Thot Daughter & d(real): division by zero
  Error with Katie N EDA Cool Actually Working The Program Lmao: division by zero
  Error with Lily & Dad & Mom: division by zero
  Error with Thot Daughter & raccoon pounderer.: division by zero
  Error with Thot Daughter & Jane Lott: division by zero
  Error with MOOSE T & old toast & daniel thee sponsee & raccoon pounderer.: division by zero
  Error with Melyssa & Jill Ryan & Karen: division by zero
  Error with K & d: division by zero
  Error with Max & Bella & Julia Rain Grounds: division by zero
  Error with Brain C & James & David M & Jake C & Renny & Matthew D & New Michael & Ron Anon K & +12032571836 & Scott SM & +12034948687 & Clif Coop: division by zero
  Error with +15202537823: division by zero
  Error with Mom & Ian L & Nora & Patti Demilia & +12035243912 & Aunt Anne: division by zero
  Error with +12033924192: division by zero
  Error with +12036907092: division by zero
  Progress: 250/667 (37.5%)
  Error with Max & +12037339191: division by zero
  Error with +14753099076: division by zero
  Error with The Crew: queer edition: division by zero
  Error with Max & garyjohnston@optonline.net & +12036908901 & +12039044030 & +12039527873 & +12032490031: division by zero
  Error with Julia Rain Grounds & Jerrr: division by zero
  Error with +12037270736: division by zero
  Error with Brian Work & Ean: division by zero
  Error with Bella & +12039479693 & +12037333464 & +19148156865: division by zero
  Error with Mom & Dad & Aunt Eric Cell & Mark Cell & Grandma T Cell & Connie & Alisha & +12037107577 & +12038480220 & Tommy & Ethan Toledo & Aidyn Toledo: division by zero
  Error with Cole & Bob G & Ali Haidar & Ron: division by zero
  Error with Marisa & MOOSE T & old toast: division by zero
  Error with Kelly Norman & Chloe Lopez & Grace Mullane & Karen & +12019569591 & +12037277314: division by zero
  Error with Potato & Thot Daughter & d(real) & Natalia (young and restless) & Oliver sponsee: division by zero
  Error with Seb & Rose & Marisa & Ceara & Andrew C & Jasmyn & Alexis & Patricia Garys Friend & +12034510723 & +14153362419 & +12037228116 & +15182225050 & +15613138566 & +19147154507: division by zero
  Error with +12038096320: division by zero
  Error with +14016175576: division by zero
  Error with Steph 💕 & Dean Martel & Max & Dan M YATR & Julia Rain Grounds & Bella & Potato & Christan P & +12034480414 & miles & Max W & d(real) & MOOSE T & Mitch: division by zero
  Error with Thot Daughter & johnny o & Ellie Haney & +12034501832 & +12035219181 & +16312785810 & +12036500104 & emma k & +12035202209 & +12038035594: division by zero
  Error with Dean Martel & Fredrik Ytyr. & Mitch & Alex: division by zero
  Error with Max & old toast: division by zero
  Error with Max & Jon 4d & Phil Maxson: division by zero
  Error with Thot Daughter & Jessica: division by zero
  Error with Mom & Dad & Aunt Eric Cell & Mark Cell & Grandma T Cell & Connie & Alisha & +12037107577 & Tommy & +12033866608 & +14753313011: division by zero
  Error with Marisa & Rose & +18609676029 & Philip: division by zero
  Error with Potato & Thot Daughter & Ellie Haney: division by zero
  Error with +13017898289: division by zero
  Error with +14752361267: division by zero
  Progress: 300/667 (45.0%)
  Error with Mia Talamelli & Rose: division by zero
  Error with Michael Kenny & Wolfganf & Sarah L: division by zero
  Error with Mia Talamelli & Max: division by zero
  Error with Connor & Timmy Cooper: division by zero
  Error with +12039843976: division by zero
  Error with Mom & Dad & Mark Cell & Connie & Alisha & +12037107577 & +12033866608: division by zero
  Error with Bella & Julia Rain Grounds & Hannah & Ana & Dan M YATR & Fredrik Ytyr.: division by zero
  Error with +12037215090 & +12037527454 & +12038647706 & Anadi: division by zero
  Error with Stephanie J & Mike Shes: division by zero
  Error with Thot Daughter & Natalia (young and restless): division by zero
  Error with Mom & Nora & Uncle Tony & Birdie D'Andrea & +14752319020 & Patti Demilia: division by zero
  Error with Dad & Ian L & Mom: division by zero
  Error with +14045022736: division by zero
  Error with +16069394542: division by zero
  Error with Dean Martel & James L & Fredrik Ytyr. & Thot Daughter & Mitch & Alex: division by zero
  Error with Dean Martel & Potato & Thot Daughter & old toast & miles & d(real) & MOOSE T & raccoon pounderer. & Ori & mike b: division by zero
  Error with Grandma T Cell & Dad & Aunt Eric Cell & Connie & Alisha & Mom & +12037107577: division by zero
  Error with Max & Julia Rain Grounds & Laura The Cool One & Potato: division by zero
  Error with greg & Phillip sponsee: division by zero
  Error with Grandma T Cell & Dad & Mark Cell & Connie: division by zero
  Error with Papa John & Jess Wi: division by zero
  Error with +15054514391: division by zero
  Error with Melyssa & Chloe Lopez & Karen: division by zero
  Error with +12032093356: division by zero
  Error with Steph 💕 & Dre: division by zero
  Error with Mom & Potato: division by zero
  Error with Thot Daughter & belladonna & joe brewster: division by zero
  Error with +12038980344: division by zero
  Error with Stephanie J & Mike Shes & +12038222745 & +12017382241: division by zero
  Error with quinn & Anna Jani: division by zero
  Error with Potato & Jessica: division by zero
  Error with Thot Daughter & Alex: division by zero
  Error with Oliver sponsee & becca: division by zero
  Progress: 350/667 (52.5%)
  Error with Marisa & Potato & Thot Daughter: division by zero
  Error with Potato & d(real) & Oliver sponsee: division by zero
  Error with rob tanis evon & zach: division by zero
  Error with MOOSE T & Thot Daughter: division by zero
  Error with Isabel De Leon & Thigo Silvia: division by zero
  Error with +15617685680: division by zero
  Error with Potato & Thot Daughter & d(real) & toast Oreta: division by zero
  Error with M & +15042769455 & +15043226472 & +12254548319: division by zero
  Error with miles & raccoon pounderer. & Thot Daughter & Oliver sponsee: division by zero
  Error with Potato & Alex & christine: division by zero
  Error with +17189082214: division by zero
  Error with +12037472372: division by zero
  Error with johnny o & new pj: division by zero
  Error with +18602789299: division by zero
  Error with Marisa & Andrew C: division by zero
  Error with +12034917954: division by zero
  Error with +18052154265: division by zero
  Error with +19707696023: division by zero
  Error with +12066367570: division by zero
  Error with +16512316305: division by zero
  Error with Dan M YATR & Fredrik Ytyr. & Mitch: division by zero
  Error with Chloe Lopez & Grace Mullane & Karen & Dawn Rodgers & +12037277314: division by zero
  Error with Chloe Lopez & Grace Mullane & Karen & Dawn Rodgers: division by zero
  Error with Max & Marisa & Jax Sonoftwo & Kat G: division by zero
  Error with +16107513520: division by zero
  Error with +18608610142: division by zero
  Error with +16024304721: division by zero
  Error with Mom & Dad & Uncle Tony: division by zero
  Error with +17188206754: division by zero
  Error with +12039796775: division by zero
  Error with +17035014251: division by zero
  Error with +14752196765: division by zero
  Error with Ron & +12033601904: division by zero
  Progress: 400/667 (60.0%)
  Error with +12032090508: division by zero
  Error with Shalice Ansonia & Armando & Callie Black Rock & Genesis Bpt & George & Julie BRFFLD & Lameka Bpt & Shayla Bpt & +12039934567: division by zero
  Error with Julia Rain Grounds & Fredrik Ytyr. & Potato & Connor: division by zero
  Error with +12035810285: division by zero
  Error with +14754552149: division by zero
  Error with +18159164862: division by zero
  Error with Potato & MOOSE T & old toast & gabe cohen: division by zero
  Error with Max & MOOSE T & Potato: division by zero
  Error with Bella & Fredrik Ytyr. & Geneva C & +17036093459: division by zero
  Error with Marisa & GABRIELLE WADE: division by zero
  Error with +12034706932: division by zero
  Error with Max & Grace & Dre: division by zero
  Error with Max & Dre & Hannah & BrookeG & +12033627700 & Fredrik Ytyr.: division by zero
  Error with Cole & Mike G & Thigo Silvia: division by zero
  Error with Lily & +15106121829 & +12024224649: division by zero
  Error with M & +15043226472: division by zero
  Error with Thot Daughter & d(real): division by zero
  Error with Potato & miles & richard- the cool one & ant & Alex & belladonna: division by zero
  Error with Cole & Ron & +12035052723 & +19143936526 & +12032439957: division by zero
  Error with Stacey Lechler & Chris Lechler: division by zero
  Error with +14844699247: division by zero
  Error with +12035205378: division by zero
  Error with +12404138346: division by zero
  Error with Max & Julia Rain Grounds & Potato: division by zero
  Error with +12033600526 & +17813151140: division by zero
  Error with Lily & Mom: division by zero
  Error with BrookeG & Ryan B: division by zero
  Error with Marisa & Julia Rain Grounds: division by zero
  Error with Max & Colette & Brian Work & Ean: division by zero
  Error with +12139269881: division by zero
  Error with Marisa & Eric D Trumbull & PJ & +18609677628 & max & +18328011356 & Alex: division by zero
  Error with daniel thee sponsee & raccoon pounderer.: division by zero
  Error with +12032471412: division by zero
  Error with +12036105587: division by zero
  Error with Kelsey Mcgarvey & +14048044226: division by zero
  Error with +18622799643: division by zero
  Error with +19177331709: division by zero
  Error with Potato & ant: division by zero
  Progress: 450/667 (67.5%)
  Error with +12035514894: division by zero
  Error with +13128208450: division by zero
  Error with +17084019702: division by zero
  Error with +19147149390: division by zero
  Error with +12036686252: division by zero
  Error with +17163201034: division by zero
  Error with Aunt Anne & Mom: division by zero
  Error with Thot Daughter & +12039991200: division by zero
  Error with +18722630072: division by zero
  Error with +12035016660: division by zero
  Error with Ean & Colette: division by zero
  Error with K & Max: division by zero
  Error with +12037472372 & +14754498161 & +17189245369 & +12032869765 & Summer & v & Amanda Boss Person: division by zero
  Error with Seb & K & Max & Marisa & +12035053628: division by zero
  Error with +12038583368: division by zero
  Error with Marisa & Max & Andrew C: division by zero
  Error with Potato & Terminally Burt & Oliver sponsee: division by zero
  Error with +12032499947: division by zero
  Error with Chloe Lopez & Grace Mullane: division by zero
  Error with +12032139177: division by zero
  Error with Max & Caroline Dillon & Marisa & Nick Toledo & Nicholas Toledo & netoledo@student.fairfield.edu: division by zero
  Error with Potato & ella-b: division by zero
  Error with +19083342805: division by zero
  Error with +12039525323: division by zero
  Error with +19148156865: division by zero
  Error with +12039069864: division by zero
  Error with +16504379684: division by zero
  Error with Cole & Mike G: division by zero
  Error with +14694252609: division by zero
  Error with Max & Jon 4d: division by zero
  Error with +17324564284: division by zero
  Error with +13126265299: division by zero
  Error with +12034908079: division by zero
  Error with Chloe Lopez & Karen: division by zero
  Error with Max & Dan M YATR: division by zero
  Error with +12039975915: division by zero
  Error with +12038235818: division by zero
  Error with +16073516188: division by zero
  Error with +18777159107: division by zero
  Error with Potato & Thot Daughter & Anna Jani: division by zero
  Error with +12019544048 & +12054460209 & +12059487095 & +12088912772 & +12089656158 & +12093248717 & +12093905855 & +12176079282 & +12183481344 & +12257476362 & +12404230292 & +12404928935 & +12563997215 & +12565720267 & +12693693869: division by zero
  Error with Seb & +12038039325: division by zero
  Error with +12039521800: division by zero
  Progress: 500/667 (75.0%)
  Error with +17737960254: division by zero
  Error with +12034170674: division by zero
  Error with +18335290361(smsft): division by zero
  Error with Alex Work & Pauly Boss: division by zero
  Error with Amanda Boss Person & abi & +12039081040 & +12039395754: division by zero
  Error with +12036668051: division by zero
  Error with +12029147416 & +12035569043 & +12037317386 & +13475462501 & +14083061126 & +14145542991 & +18015926673 & +6210000000556 & +6210000003876 & +6210000004532 & +6210000004862 & +6210000006553 & +6210000007569 & +6210000007930 & +6210000008833 & +6210000010031: division by zero
  Error with Potato & Thot Daughter & Oliver sponsee: division by zero
  Error with +16039137163: division by zero
  Error with Melyssa & Garett: division by zero
  Error with +12032471092: division by zero
  Error with +12038077840: division by zero
  Error with +12073090513: division by zero
  Error with MOOSE T & Potato & johnny o: division by zero
  Error with Potato & Thot Daughter & old toast & MOOSE T & daniel thee sponsee & raccoon pounderer. & Ori: division by zero
  Error with Thot Daughter & quinn: division by zero
  Error with +12032959598: division by zero
  Error with +12032977480: division by zero
  Error with +12819445192: division by zero
  Error with +18452614880: division by zero
  Error with Gabby & +19175838354 & Claire Benson & +16174591027: division by zero
  Error with +17046106757(filtered): division by zero
  Error with +15109393765: division by zero
  Error with miles & raccoon pounderer. & Thot Daughter: division by zero
  Error with +12035894311: division by zero
  Error with +12035256429: division by zero
  Error with +12034354996: division by zero
  Error with Potato & Thot Daughter & Jane Lott & daniel thee sponsee & raccoon pounderer.: division by zero
  Error with +18449053391(filtered): division by zero
  Error with +12056327139: division by zero
  Error with Mom & Dad & Aunt Eric Cell: division by zero
  Error with Isaih & +16069394542: division by zero
  Error with +15042363249: division by zero
  Error with Thot Daughter & Terminally Burt & Oliver sponsee & nick: division by zero
  Error with Mom & Dad & Mark Cell & Connie & Alisha & +12037107577: division by zero
  Error with Mom & Alisha: division by zero
  Error with Birdie D'Andrea & +18604805338 & +12038562342 & +12032572910 & +12034480440: division by zero
  Error with +18605154777: division by zero
  Error with Thot Daughter & Terminally Burt: division by zero
  Error with +12035703320 & +12036001157 & +12036214076 & +12036314150 & +12036415142 & +12036942690 & +12038020767 & +212620690224 & +212621757196 & +212625545076 & +212632057768 & +212684218791 & +212770743948 & +212771149792 & +212771559409 & +212780347553 & +212782381409 & +212783664460: division by zero
  Error with Marisa & MOOSE T & Potato & Thot Daughter & old toast & d(real) & gabe cohen & Ori & adien max house & belladonna: division by zero
  Error with +12097122642 & +12106496336 & +12134077460 & +12134341585 & +12163850256 & +12242883190 & +12536569100: division by zero
  Error with +12032336898 & +12034643827 & +12037078748 & +16307294930 & +17028453721 & +17862177123 & +18133682746 & +19547404491: division by zero
  Error with +17173201035: division by zero
  Error with Max & Jax Sonoftwo: division by zero
  Error with K & Jasmyn & Randy: division by zero
  Progress: 550/667 (82.5%)
  Error with +12168106249: division by zero
  Error with +12035814573: division by zero
  Error with +13432619120: division by zero
  Error with +17785396782: division by zero
  Error with +12533728216: division by zero
  Error with +15515790436: division by zero
  Error with +14753098120: division by zero
  Error with +12038093880: division by zero
  Error with +12037339191: division by zero
  Error with +15024832520: division by zero
  Error with Seb & K & Marisa & Max: division by zero
  Error with Seb & K & Caroline Dillon & Max: division by zero
  Error with +12039216413: division by zero
  Error with +12033955162: division by zero
  Error with +12037672842: division by zero
  Error with +12038897012: division by zero
  Error with +15734247558: division by zero
  Error with +14406933769(smsfp): division by zero
  Error with Potato & Thot Daughter & quinn & Just a Girl ~litteraly~ & fuck around and find out & Natalia (young and restless) & Terminally Burt & sean & toast Oreta & Oliver sponsee & Jessica & Phillip sponsee & nick & becca & Allyssa Watson: division by zero
  Error with +12016408267 & +13523966253 & +14073101535 & +17029940674 & +17067150807 & +18596087548 & +19292728495 & +6200000001103 & +6200000045393 & +6200000111744 & +6200000240645 & +6200000244756 & +6200000323405 & +6200000411774 & +6200000441159 & +6200000985651: division by zero
  Error with +18026336746(smsft): division by zero
  Error with +15702909532: division by zero
  Error with +13127578226: division by zero
  Error with +13176929330: division by zero
  Error with +12039193041: division by zero
  Error with Cole & Ron & Steph 💕: division by zero
  Error with +14752161327: division by zero
  Error with +16318608588: division by zero
  Error with +19144832346: division by zero
  Error with +18045918587: division by zero
  Error with +12032140839: division by zero
  Error with +18889968071(filtered): division by zero
  Error with +18778700130(filtered): division by zero
  Error with +12032756243: division by zero
  Error with +12035610087: division by zero
  Error with +16468476849: division by zero
  Error with +14134411938 & Max: division by zero
  Error with +16179439596: division by zero
  Error with +12032009718: division by zero
  Error with +12034960388: division by zero
  Error with +12038199261: division by zero
  Error with +14753311117: division by zero
  Error with +12035618198: division by zero
  Error with +18669515403(filtered): division by zero
  Error with +18604192053: division by zero
  Error with Thot Daughter & richard- the cool one: division by zero
  Error with +18337401713: division by zero
  Error with +18603221382 & mike b: division by zero
  Error with Marisa & Potato: division by zero
  Error with old toast & raccoon pounderer. & greg: division by zero
  Progress: 600/667 (90.0%)
  Error with +12039532269: division by zero
  Error with +17749553272: division by zero
  Error with +12032978549: division by zero
  Error with +12034001511: division by zero
  Error with +12032406002: division by zero
  Error with Marisa & Sam H & +18604206094 & +13615495755 & +12032311041 & +18603012562 & +12037898336 & +18606811436 & +13605107768 & +19174328521 & +18605027166 & +19143938435 & +12036318703 & +12038431874 & +12039222545: division by zero
  Error with +18455530503: division by zero
  Error with +12036414054: division by zero
  Error with +13854636242(filtered): division by zero
  Error with +18332390593(smsfp): division by zero
  Error with +18669515403(smsfp): division by zero
  Error with +18337670509(smsft): division by zero
  Error with +12032619944: division by zero
  Error with +18559490941(smsfp): division by zero
  Error with +13123133892: division by zero
  Error with +12035268136: division by zero
  Error with +18668064892: division by zero
  Error with +18602154171(filtered): division by zero
  Error with +12623266298(smsfp): division by zero
  Error with +14406933769(smsft): division by zero
  Error with Julia Rain Grounds & Kim Grounds: division by zero
  Error with +12038230423: division by zero
  Error with +12029146728 & +12038951757 & +12064508171 & +12129608008 & +12153771052 & +12393184239 & +12394284272 & +12407902579 & +12514473916 & +12518809079 & +12564775926: division by zero
  Error with +15166970060: division by zero
  Error with +19146290059: division by zero
  Error with +12035898310: division by zero
  Error with Dad & Aunt Eric Cell & Connie & Alisha & Mom & +12037107577: division by zero
  Error with +19782423155: division by zero
  Error with +12038043362: division by zero
  Error with Cole & Politics Aaron: division by zero
  Error with Potato & Jane Lott & johnny o & Ellie Haney: division by zero
  Error with +14752176667: division by zero
  Error with +17176064317: division by zero
  Error with +14759771121: division by zero
  Error with +19144193563: division by zero
  Error with +12039273973: division by zero
  Error with +12035038165: division by zero
  Error with +12035893334: division by zero
  Error with +12034358124: division by zero
  Error with +14752074573: division by zero
  Error with +19159752369: division by zero
  Error with +19178430451: division by zero
  Error with +13478061366: division by zero
  Error with +19894236791: division by zero
  Error with +12034823312: division by zero
  Error with +12037247993: division by zero
  Error with Mike Shes & +12028217117 & +12034512285 & +12032496794: division by zero
  Error with +18603010084: division by zero
  Error with Potato & MOOSE T & gabe cohen & old toast: division by zero
  Error with +12035221290: division by zero
  Progress: 650/667 (97.5%)
  Error with +14753653067: division by zero
  Error with PJ & max: division by zero
  Error with +14752790546: division by zero
  Error with +17736681497: division by zero
  Error with Mia Talamelli & Potato: division by zero
  Error with +13475066312: division by zero
  Error with +14752383196: division by zero
  Error with Thot Daughter & johnny o & Ellie Haney: division by zero
  Error with +19144918922: division by zero
  Error with +12024412394 & +12103170496 & +13147036630 & +13478433385 & +14044258179 & +15597892531 & +16099348033 & +17034723965 & +17165109940 & +17738149253 & +19086005125 & +19283805940 & +19298998815: division by zero
  Error with +12035223037 & John G & Mike W & +12034004677 & +12038739786 & +12035219036: division by zero
  Error with +19802574367: division by zero
  Error with +12039393259: division by zero
  Error with Potato & Thot Daughter & Jane Lott & raccoon pounderer. & ben rjs & Just a Girl ~litteraly~: division by zero
  Error with +15043226472: division by zero
  Error with +12025717680(smsfp): division by zero
  Error with +19176343618(smsft): division by zero
  Error with +18559822489(smsft): division by zero

✓ Generated 275 deep group reports
✗ Failed: 392
