================================================================================
GROUP CHAT ENHANCEMENT - 275 GROUPS
================================================================================

[10/275] ✅ +12035202207: 1,258 words
[20/275] ✅ +12035569030: 1,258 words

[25/275] Progress checkpoint...
[30/275] ✅ +12038108252: 1,248 words
[40/275] ✅ +12039479693: 1,235 words

[50/275] Progress checkpoint...
[50/275] ❌ +12127294333 & +12406386375 & +12548556316 & +13053337771 & +15598712334 & +15599050607 & +19312205390 & +6282810002115 & +6282810002894 & +6282810003039 & +6282810003389 & +6282810003786 & +628281000: Failed
[60/275] ✅ +14754343999: 1,258 words
[70/275] ✅ +15167386886: 1,250 words

[75/275] Progress checkpoint...
[80/275] ✅ +17322362443: 1,258 words
[90/275] ✅ +18442602718(smsfp): 1,235 words

[100/275] Progress checkpoint...
[100/275] ✅ +19178829096: 1,248 words
[110/275] ✅ Bob G & Ron & +12035052723 & +12032439957 & +19143936526: 1,267 words
[120/275] ✅ Cole & Gabby: 1,295 words

[125/275] Progress checkpoint...
[130/275] ✅ Dad & Aunt Eric Cell & Mark Cell & Connie & Alisha & Mom & +12037107577: 1,281 words
[140/275] ✅ Grandma T Cell & Dad & Aunt Eric Cell & Aunt Anne & Mark Cell & Connie & Alisha & Mom: 1,286 words

[150/275] Progress checkpoint...
[150/275] ✅ Jess H & Katia Tavarez & Max: 1,246 words
[160/275] ✅ Laura The Cool One: 1,285 words
[170/275] ✅ Marisa & Jax Sonoftwo: 1,275 words

[175/275] Progress checkpoint...
[180/275] ✅ Max & Dre: 1,260 words
[190/275] ✅ Max & MOOSE T: 1,261 words

[200/275] Progress checkpoint...
[200/275] ✅ Mom & Aunt Eric Cell & Mark Cell & Grandma T Cell & Connie & Home & Alisha & +12037107577: 1,285 words
[210/275] ✅ Natalia (young and restless): 1,238 words
[220/275] ✅ Potato & Thot Daughter & Ellie Haney & emma k: 1,257 words

[225/275] Progress checkpoint...
[230/275] ✅ Potato & belladonna: 1,260 words
[240/275] ✅ Rose & Julia Rain Grounds & Dre: 1,264 words

[250/275] Progress checkpoint...
[250/275] ✅ Shalice Ansonia & Armando & Callie Black Rock & Genesis Bpt & George & Julie BRFFLD & Lameka Bpt & Shayla Bpt & Brian Shelton: 1,263 words
[260/275] ✅ The Crew 🥥🎸🎙🦋💫🎶: 1,287 words
[270/275] ✅ Thot Daughter & raccoon pounderer. & +12033610806: 1,256 words

[275/275] Progress checkpoint...

================================================================================
✅ GROUP ENHANCEMENT COMPLETE!
   Enhanced: 270
   Failed: 5
   Total: 275
================================================================================
