Loading data...
Generating reports for 667 group chats...
  Progress: 50/667 (7.5%)
  Progress: 100/667 (15.0%)
  Error with Rose & Bella & MOOSE T & Ana & Laura The Cool One & Dan M YATR & Veni The Sponsee & Fredrik Ytyr. & Potato & Mitch & Katie (cool) & Erin & d(real) & +12034480414 & +12034565069 & daniel thee sponsee & +14752253563 & Grace b & Troy & johnny o & +12039475184: [Errno 36] File name too long: '/workspace/REPORTS/04_INDIVIDUAL_PROFILES/groups/Rose & Bella & MOOSE T & Ana & Laura The Cool One & Dan M YATR & Veni The Sponsee & Fredrik Ytyr. & Potato & Mitch & Katie (cool) & Erin & d(real) & +12034480414 & +12034565069 & daniel thee sponsee & +14752253563 & Grace b & Troy & johnny o & +12039475184.md'
  Progress: 150/667 (22.5%)
  Progress: 200/667 (30.0%)
  Progress: 250/667 (37.5%)
  Progress: 300/667 (45.0%)
  Error with Rose & +18609676029 & Bella & Veni The Sponsee & +12039222545 & Lindsey & +12036503268 & +12039702521 & +12033058620 & +12034701208 & +15105995172 & +12032426318 & +12033053550 & +12039125161 & Michelle P & +14753197022 & +12034249245 & +12034490954 & Geneva C & Troy: [Errno 36] File name too long: '/workspace/REPORTS/04_INDIVIDUAL_PROFILES/groups/Rose & +18609676029 & Bella & Veni The Sponsee & +12039222545 & Lindsey & +12036503268 & +12039702521 & +12033058620 & +12034701208 & +15105995172 & +12032426318 & +12033053550 & +12039125161 & Michelle P & +14753197022 & +12034249245 & +12034490954 & Geneva C & Troy.md'
  Progress: 350/667 (52.5%)
  Progress: 400/667 (60.0%)
  Progress: 450/667 (67.5%)
  Progress: 500/667 (75.0%)
  Error with +12029147416 & +12035569043 & +12037317386 & +13475462501 & +14083061126 & +14145542991 & +18015926673 & +6210000000556 & +6210000003876 & +6210000004532 & +6210000004862 & +6210000006553 & +6210000007569 & +6210000007930 & +6210000008833 & +6210000010031: [Errno 36] File name too long: '/workspace/REPORTS/04_INDIVIDUAL_PROFILES/groups/+12029147416 & +12035569043 & +12037317386 & +13475462501 & +14083061126 & +14145542991 & +18015926673 & +6210000000556 & +6210000003876 & +6210000004532 & +6210000004862 & +6210000006553 & +6210000007569 & +6210000007930 & +6210000008833 & +6210000010031.md'
  Error with +12127294333 & +12406386375 & +12548556316 & +13053337771 & +15598712334 & +15599050607 & +19312205390 & +6282810002115 & +6282810002894 & +6282810003039 & +6282810003389 & +6282810003786 & +6282810004328 & +6282810006012 & +6282810007454 & +6282810007954: [Errno 36] File name too long: '/workspace/REPORTS/04_INDIVIDUAL_PROFILES/groups/+12127294333 & +12406386375 & +12548556316 & +13053337771 & +15598712334 & +15599050607 & +19312205390 & +6282810002115 & +6282810002894 & +6282810003039 & +6282810003389 & +6282810003786 & +6282810004328 & +6282810006012 & +6282810007454 & +6282810007954.md'
  Error with +12035703320 & +12036001157 & +12036214076 & +12036314150 & +12036415142 & +12036942690 & +12038020767 & +212620690224 & +212621757196 & +212625545076 & +212632057768 & +212684218791 & +212770743948 & +212771149792 & +212771559409 & +212780347553 & +212782381409 & +212783664460: [Errno 36] File name too long: '/workspace/REPORTS/04_INDIVIDUAL_PROFILES/groups/+12035703320 & +12036001157 & +12036214076 & +12036314150 & +12036415142 & +12036942690 & +12038020767 & +212620690224 & +212621757196 & +212625545076 & +212632057768 & +212684218791 & +212770743948 & +212771149792 & +212771559409 & +212780347553 & +212782381409 & +212783664460.md'
  Progress: 550/667 (82.5%)
  Error with +12016408267 & +13523966253 & +14073101535 & +17029940674 & +17067150807 & +18596087548 & +19292728495 & +6200000001103 & +6200000045393 & +6200000111744 & +6200000240645 & +6200000244756 & +6200000323405 & +6200000411774 & +6200000441159 & +6200000985651: [Errno 36] File name too long: '/workspace/REPORTS/04_INDIVIDUAL_PROFILES/groups/+12016408267 & +13523966253 & +14073101535 & +17029940674 & +17067150807 & +18596087548 & +19292728495 & +6200000001103 & +6200000045393 & +6200000111744 & +6200000240645 & +6200000244756 & +6200000323405 & +6200000411774 & +6200000441159 & +6200000985651.md'
  Progress: 600/667 (90.0%)
  Progress: 650/667 (97.5%)

✓ Generated 661 group reports
✗ Failed: 6
✓ Saved to /workspace/REPORTS/04_INDIVIDUAL_PROFILES/groups
