/workspace/scripts_backup/relationship_health_scorer.py:111: SettingWithCopyWarning: 
A value is trying to be set on a copy of a slice from a DataFrame.
Try using .loc[row_indexer,col_indexer] = value instead

See the caveats in the documentation: https://pandas.pydata.org/pandas-docs/stable/user_guide/indexing.html#returning-a-view-versus-a-copy
  msgs['date'] = pd.to_datetime(msgs['date'])
/workspace/scripts_backup/relationship_health_scorer.py:111: SettingWithCopyWarning: 
A value is trying to be set on a copy of a slice from a DataFrame.
Try using .loc[row_indexer,col_indexer] = value instead

See the caveats in the documentation: https://pandas.pydata.org/pandas-docs/stable/user_guide/indexing.html#returning-a-view-versus-a-copy
  msgs['date'] = pd.to_datetime(msgs['date'])
/workspace/scripts_backup/relationship_health_scorer.py:111: SettingWithCopyWarning: 
A value is trying to be set on a copy of a slice from a DataFrame.
Try using .loc[row_indexer,col_indexer] = value instead

See the caveats in the documentation: https://pandas.pydata.org/pandas-docs/stable/user_guide/indexing.html#returning-a-view-versus-a-copy
  msgs['date'] = pd.to_datetime(msgs['date'])
/workspace/scripts_backup/relationship_health_scorer.py:111: SettingWithCopyWarning: 
A value is trying to be set on a copy of a slice from a DataFrame.
Try using .loc[row_indexer,col_indexer] = value instead

See the caveats in the documentation: https://pandas.pydata.org/pandas-docs/stable/user_guide/indexing.html#returning-a-view-versus-a-copy
  msgs['date'] = pd.to_datetime(msgs['date'])
/workspace/scripts_backup/relationship_health_scorer.py:111: SettingWithCopyWarning: 
A value is trying to be set on a copy of a slice from a DataFrame.
Try using .loc[row_indexer,col_indexer] = value instead

See the caveats in the documentation: https://pandas.pydata.org/pandas-docs/stable/user_guide/indexing.html#returning-a-view-versus-a-copy
  msgs['date'] = pd.to_datetime(msgs['date'])
/workspace/scripts_backup/relationship_health_scorer.py:111: SettingWithCopyWarning: 
A value is trying to be set on a copy of a slice from a DataFrame.
Try using .loc[row_indexer,col_indexer] = value instead

See the caveats in the documentation: https://pandas.pydata.org/pandas-docs/stable/user_guide/indexing.html#returning-a-view-versus-a-copy
  msgs['date'] = pd.to_datetime(msgs['date'])
/workspace/scripts_backup/relationship_health_scorer.py:111: SettingWithCopyWarning: 
A value is trying to be set on a copy of a slice from a DataFrame.
Try using .loc[row_indexer,col_indexer] = value instead

See the caveats in the documentation: https://pandas.pydata.org/pandas-docs/stable/user_guide/indexing.html#returning-a-view-versus-a-copy
  msgs['date'] = pd.to_datetime(msgs['date'])
/workspace/scripts_backup/relationship_health_scorer.py:111: SettingWithCopyWarning: 
A value is trying to be set on a copy of a slice from a DataFrame.
Try using .loc[row_indexer,col_indexer] = value instead

See the caveats in the documentation: https://pandas.pydata.org/pandas-docs/stable/user_guide/indexing.html#returning-a-view-versus-a-copy
  msgs['date'] = pd.to_datetime(msgs['date'])
/workspace/scripts_backup/relationship_health_scorer.py:111: SettingWithCopyWarning: 
A value is trying to be set on a copy of a slice from a DataFrame.
Try using .loc[row_indexer,col_indexer] = value instead

See the caveats in the documentation: https://pandas.pydata.org/pandas-docs/stable/user_guide/indexing.html#returning-a-view-versus-a-copy
  msgs['date'] = pd.to_datetime(msgs['date'])
/workspace/scripts_backup/relationship_health_scorer.py:111: SettingWithCopyWarning: 
A value is trying to be set on a copy of a slice from a DataFrame.
Try using .loc[row_indexer,col_indexer] = value instead

See the caveats in the documentation: https://pandas.pydata.org/pandas-docs/stable/user_guide/indexing.html#returning-a-view-versus-a-copy
  msgs['date'] = pd.to_datetime(msgs['date'])
/workspace/scripts_backup/relationship_health_scorer.py:111: SettingWithCopyWarning: 
A value is trying to be set on a copy of a slice from a DataFrame.
Try using .loc[row_indexer,col_indexer] = value instead

See the caveats in the documentation: https://pandas.pydata.org/pandas-docs/stable/user_guide/indexing.html#returning-a-view-versus-a-copy
  msgs['date'] = pd.to_datetime(msgs['date'])
/workspace/scripts_backup/relationship_health_scorer.py:111: SettingWithCopyWarning: 
A value is trying to be set on a copy of a slice from a DataFrame.
Try using .loc[row_indexer,col_indexer] = value instead

See the caveats in the documentation: https://pandas.pydata.org/pandas-docs/stable/user_guide/indexing.html#returning-a-view-versus-a-copy
  msgs['date'] = pd.to_datetime(msgs['date'])
/workspace/scripts_backup/relationship_health_scorer.py:111: SettingWithCopyWarning: 
A value is trying to be set on a copy of a slice from a DataFrame.
Try using .loc[row_indexer,col_indexer] = value instead

See the caveats in the documentation: https://pandas.pydata.org/pandas-docs/stable/user_guide/indexing.html#returning-a-view-versus-a-copy
  msgs['date'] = pd.to_datetime(msgs['date'])
/workspace/scripts_backup/relationship_health_scorer.py:111: SettingWithCopyWarning: 
A value is trying to be set on a copy of a slice from a DataFrame.
Try using .loc[row_indexer,col_indexer] = value instead

See the caveats in the documentation: https://pandas.pydata.org/pandas-docs/stable/user_guide/indexing.html#returning-a-view-versus-a-copy
  msgs['date'] = pd.to_datetime(msgs['date'])
/workspace/scripts_backup/relationship_health_scorer.py:111: SettingWithCopyWarning: 
A value is trying to be set on a copy of a slice from a DataFrame.
Try using .loc[row_indexer,col_indexer] = value instead

See the caveats in the documentation: https://pandas.pydata.org/pandas-docs/stable/user_guide/indexing.html#returning-a-view-versus-a-copy
  msgs['date'] = pd.to_datetime(msgs['date'])
/workspace/scripts_backup/relationship_health_scorer.py:111: SettingWithCopyWarning: 
A value is trying to be set on a copy of a slice from a DataFrame.
Try using .loc[row_indexer,col_indexer] = value instead

See the caveats in the documentation: https://pandas.pydata.org/pandas-docs/stable/user_guide/indexing.html#returning-a-view-versus-a-copy
  msgs['date'] = pd.to_datetime(msgs['date'])
/workspace/scripts_backup/relationship_health_scorer.py:111: SettingWithCopyWarning: 
A value is trying to be set on a copy of a slice from a DataFrame.
Try using .loc[row_indexer,col_indexer] = value instead

See the caveats in the documentation: https://pandas.pydata.org/pandas-docs/stable/user_guide/indexing.html#returning-a-view-versus-a-copy
  msgs['date'] = pd.to_datetime(msgs['date'])
/workspace/scripts_backup/relationship_health_scorer.py:111: SettingWithCopyWarning: 
A value is trying to be set on a copy of a slice from a DataFrame.
Try using .loc[row_indexer,col_indexer] = value instead

See the caveats in the documentation: https://pandas.pydata.org/pandas-docs/stable/user_guide/indexing.html#returning-a-view-versus-a-copy
  msgs['date'] = pd.to_datetime(msgs['date'])
/workspace/scripts_backup/relationship_health_scorer.py:111: SettingWithCopyWarning: 
A value is trying to be set on a copy of a slice from a DataFrame.
Try using .loc[row_indexer,col_indexer] = value instead

See the caveats in the documentation: https://pandas.pydata.org/pandas-docs/stable/user_guide/indexing.html#returning-a-view-versus-a-copy
  msgs['date'] = pd.to_datetime(msgs['date'])
/workspace/scripts_backup/relationship_health_scorer.py:111: SettingWithCopyWarning: 
A value is trying to be set on a copy of a slice from a DataFrame.
Try using .loc[row_indexer,col_indexer] = value instead

See the caveats in the documentation: https://pandas.pydata.org/pandas-docs/stable/user_guide/indexing.html#returning-a-view-versus-a-copy
  msgs['date'] = pd.to_datetime(msgs['date'])
Scored 20 relationships

Top 5 Healthiest Relationships:
1. Jessica: 81.0/100 (Grade: B, Status: GROWING)
2. Gabby: 77.5/100 (Grade: C, Status: GROWING)
3. Potato: 74.6/100 (Grade: C, Status: GROWING)
4. Gratitudeversity: 67.5/100 (Grade: D, Status: GROWING)
5. Ian L: 67.0/100 (Grade: D, Status: DECLINING)
