/workspace/scripts_backup/generate_all_individual_reports.py:17: UserWarning: Could not infer format, so each element will be parsed individually, falling back to `dateutil`. To ensure parsing is consistent and as-expected, please specify a format.
  msgs['Message Date'] = pd.to_datetime(msgs['Message Date'], errors='coerce')
/workspace/scripts_backup/generate_all_individual_reports.py:17: UserWarning: Could not infer format, so each element will be parsed individually, falling back to `dateutil`. To ensure parsing is consistent and as-expected, please specify a format.
  msgs['Message Date'] = pd.to_datetime(msgs['Message Date'], errors='coerce')
Loading data...
Generating reports for 484 individuals...
  Progress: 50/484 (10.3%)
  Progress: 100/484 (20.7%)
  Progress: 150/484 (31.0%)
  Error with +886975082472: division by zero
  Progress: 200/484 (41.3%)
  Error with Venmo: division by zero
  Error with lululemon: division by zero
  Error with Wee little lads : division by zero
  Error with Claire Benson: division by zero
  Progress: 250/484 (51.7%)
  Error with yuioptresk@gmail.com: division by zero
  Error with Nikki’s bullies. : division by zero
  Error with No DM's allowed : division by zero
  Error with gabbymtapia98@gmail.com: division by zero
  Progress: 300/484 (62.0%)
  Error with The Tism Sisters: division by zero
  Error with Ava Birthday : division by zero
  Error with Christan 4d: division by zero
  Error with Fck beaches get 💸: division by zero
  Error with Randy: division by zero
  Error with Regina: division by zero
  Error with 738245: division by zero
  Progress: 350/484 (72.3%)
  Error with Drew Behr: division by zero
  Error with Travis Bloom: division by zero
  Error with The Bjorks to the Laufeys: division by zero
  Error with 36395: division by zero
  Error with abi: division by zero
  Error with gabby work stalker: division by zero
  Error with Chris Lechler: division by zero
  Error with 88709: division by zero
  Error with Carrie Amicucci: division by zero
  Error with Glo: division by zero
  Error with Mike JANEBF: division by zero
  Error with Chaos Council: division by zero
  Error with Peaches: division by zero
  Error with Thunger: division by zero
  Error with a813394: division by zero
  Error with ian Aa: division by zero
  Error with Callie Black Rock: division by zero
  Error with .: division by zero
  Error with katelyn doerner: division by zero
  Error with Bart Hoedemaker: division by zero
  Progress: 400/484 (82.6%)
  Error with Sophie B: division by zero
  Error with Mike T: division by zero
  Error with Cry: division by zero
  Error with Eric D Trumbull: division by zero
  Error with 71908(filtered): division by zero
  Error with Leanne A: division by zero
  Error with CRAFTD: division by zero
  Error with Jeff A Stratmen: division by zero
  Error with Ricky Ballou: division by zero
  Error with Martha State: division by zero
  Error with Santa: division by zero
  Error with Gratitudism: division by zero
  Error with Breezy: division by zero
  Error with Shelbi Copain: division by zero
  Error with 71908(smsfp): division by zero
  Error with Rachel Davidson: division by zero
  Error with 898287: division by zero
  Error with Lawrence Andrea: division by zero
  Error with 91625(filtered): division by zero
  Error with 87841(smsft): division by zero
  Error with 91055(smsfp): division by zero
  Error with emma k: division by zero
  Error with 19848: division by zero
  Error with 580022: division by zero
  Error with 51379(filtered): division by zero
  Error with Q1088158: division by zero
  Error with Annette AA CT: division by zero
  Error with Jasmyn: division by zero
  Error with Bradley Bloom: division by zero
  Error with Christina: division by zero
  Error with 34975(smsft): division by zero
  Error with 63571(filtered): division by zero
  Error with 42803(filtered): division by zero
  Error with 81283(filtered): division by zero
  Error with Raechel: division by zero
  Error with Uncle Tony DiMilia: division by zero
  Error with Oliver Radclyffe: division by zero
  Error with Marcos: division by zero
  Error with 28092(filtered): division by zero
  Progress: 450/484 (93.0%)
  Error with 72573(filtered): division by zero
  Error with Kelsey Mcgarvey: division by zero
  Error with Rachael Fairfield: division by zero
  Error with 36682: division by zero
  Error with 38143: division by zero
  Error with ryan f: division by zero
  Error with Mike LS: division by zero
  Error with 86185(smsft): division by zero
  Error with 63571(smsfp): division by zero
  Error with 21968(smsfp): division by zero
  Error with 59764: division by zero
  Error with 62646(smsft): division by zero
  Error with 7480711: division by zero
  Error with +447460115030(filtered): division by zero
  Error with 99217: division by zero
  Error with 74828(smsfp): division by zero
  Error with 28732(smsfp): division by zero
  Error with 23083(filtered): division by zero
  Error with 52927(smsfp): division by zero
  Error with Google: division by zero
  Error with 73184: division by zero
  Error with Parents: division by zero
  Error with Deassan: division by zero
  Error with brian: division by zero
  Error with Marcus Brown: division by zero
  Error with Grace b: division by zero
  Error with Colin: division by zero
  Error with kevin s new reprive: division by zero
  Error with heer thakkar: division by zero
  Error with 56992(filtered): division by zero
  Error with 498867: division by zero
  Error with 42803(smsfp): division by zero
  Error with 51379(smsfp): division by zero
  Error with 96093(smsfp): division by zero
  Error with rwsimmerman@icloud.com: division by zero

✓ Generated 374 individual reports
✗ Failed: 110
✓ Saved to /workspace/REPORTS/04_INDIVIDUAL_PROFILES/individuals
