============================================================
MAXIMUM DETAIL REPORT GENERATION
NO WORD LIMIT - FULL EXPLANATIONS
============================================================

Generating 200 maximum-detail reports...
Target: 5,000-10,000+ words per report

[1/200] Jessica
  Loading messages...
  Generating maximum-detail report...
  ✓ Saved (1,212 words, 238 lines)
[2/200] Lily
  Loading messages...
  Generating maximum-detail report...
  ✓ Saved (1,414 words, 271 lines)
[3/200] Marisa
  Loading messages...
  Generating maximum-detail report...
  ✓ Saved (1,415 words, 271 lines)
[4/200] Julia Rain Grounds
  Loading messages...
  Generating maximum-detail report...
  ✓ Saved (1,335 words, 263 lines)
[5/200] Ian L
  Loading messages...
  Generating maximum-detail report...
  ✓ Saved (1,406 words, 270 lines)
[6/200] Max
  Loading messages...
  Generating maximum-detail report...
  ✓ Saved (1,402 words, 270 lines)
[7/200] Potato
  Loading messages...
  Generating maximum-detail report...
  ✓ Saved (1,356 words, 263 lines)
[8/200] Gabby
  Loading messages...
  Generating maximum-detail report...
  ✓ Saved (1,291 words, 255 lines)
[9/200] Steph 💕
  Loading messages...
  Generating maximum-detail report...
  ✓ Saved (1,297 words, 255 lines)
[10/200] Chloe Lopez
  Loading messages...
  Generating maximum-detail report...
  ✓ Saved (1,264 words, 255 lines)

============================================================
PROGRESS: 10/200 (5.0%)
============================================================

[11/200] sean
  Loading messages...
  Generating maximum-detail report...
  ✓ Saved (1,006 words, 221 lines)
[12/200] Ori is the best 
  Loading messages...
  Generating maximum-detail report...
  ✓ Saved (1,012 words, 221 lines)
[13/200] Thot Daughter
  Loading messages...
  Generating maximum-detail report...
  ✓ Saved (1,033 words, 221 lines)
[14/200] christine
  Loading messages...
  Generating maximum-detail report...
  ✓ Saved (1,020 words, 221 lines)
[15/200] quinn
  Loading messages...
  Generating maximum-detail report...
  ✓ Saved (1,030 words, 221 lines)
[16/200] Andrea
  Loading messages...
  Generating maximum-detail report...
  ✓ Saved (996 words, 221 lines)
[17/200] Dad & Mom
  Loading messages...
  Generating maximum-detail report...
  ✓ Saved (1,009 words, 219 lines)
[18/200] Phil Maxson
  Loading messages...
  Generating maximum-detail report...
  ✓ Saved (1,007 words, 221 lines)
[19/200] James & Michael Kenny & +12036507437 & +12036734400 & +12032783941 & Yd & +12034009352 & +16462619234 & +12036504216 & Rob & Wolfganf & +12039134416 & Greg & Renny & +12033334771 & +12035813254 & +12037070824 & Matthew D & +12035202207
  Loading messages...
  Generating maximum-detail report...
  ✓ Saved (1,123 words, 221 lines)
[20/200] d(real)
  Loading messages...
  Generating maximum-detail report...
  ✓ Saved (1,030 words, 221 lines)

============================================================
PROGRESS: 20/200 (10.0%)
============================================================

[21/200] Sky Family
  Loading messages...
  Generating maximum-detail report...
  ✓ Saved (1,009 words, 221 lines)
[22/200] Pauly Boss
  Loading messages...
  Generating maximum-detail report...
  ✓ Saved (1,013 words, 221 lines)
[23/200] Ori & toast Oreta
  Loading messages...
  Generating maximum-detail report...
  ✓ Saved (1,019 words, 221 lines)
[24/200] Veni The Sponsee
  Loading messages...
  Generating maximum-detail report...
  ✓ Saved (1,032 words, 221 lines)
[25/200] Parked Out By The Lake
  Loading messages...
  Generating maximum-detail report...
  ✓ Saved (1,013 words, 221 lines)
[26/200] Bubba E
  Loading messages...
  Generating maximum-detail report...
  ✓ Saved (1,002 words, 221 lines)
[27/200] Shannan’s bday
  Loading messages...
  Generating maximum-detail report...
  ✓ Saved (1,020 words, 221 lines)
[28/200] PJ
  Loading messages...
  Generating maximum-detail report...
  ✓ Saved (1,017 words, 221 lines)
[29/200] Max & +12039527873 & +12032490031 & +12039044030 & +12039819355 & Gary & +12036908901
  Loading messages...
  Generating maximum-detail report...
  ✓ Saved (1,050 words, 221 lines)
[30/200] toast Oreta
  Loading messages...
  Generating maximum-detail report...
  ✓ Saved (1,010 words, 221 lines)

============================================================
PROGRESS: 30/200 (15.0%)
============================================================

[31/200] Cole & Ali Haidar
  Loading messages...
  Generating maximum-detail report...
  ✓ Saved (1,003 words, 221 lines)
[32/200] +14754343999
  Loading messages...
  Generating maximum-detail report...
  ✓ Saved (995 words, 221 lines)
[33/200] Lori W
  Loading messages...
  Generating maximum-detail report...
  ✓ Saved (1,017 words, 221 lines)
[34/200] Stephen Work
  Loading messages...
  Generating maximum-detail report...
  ✓ Saved (1,003 words, 221 lines)
[35/200] Melyssa & Garett & Chloe Lopez
  Loading messages...
  Generating maximum-detail report...
  ✓ Saved (1,034 words, 221 lines)
[36/200] Erin
  Loading messages...
  Generating maximum-detail report...
  ✓ Saved (989 words, 221 lines)
[37/200] Honorary white boiz
  Loading messages...
  Generating maximum-detail report...
  ✓ Saved (1,025 words, 221 lines)
[38/200] Garett
  Loading messages...
  Generating maximum-detail report...
  ✓ Saved (1,027 words, 221 lines)
[39/200] Julia-G Spinster
  Loading messages...
  Generating maximum-detail report...
  ✓ Saved (1,008 words, 221 lines)
[40/200] Isaih
  Loading messages...
  Generating maximum-detail report...
  ✓ Saved (981 words, 221 lines)

============================================================
PROGRESS: 40/200 (20.0%)
============================================================

[41/200] Gratitudeversity
  Loading messages...
  Generating maximum-detail report...
  ✓ Saved (1,202 words, 239 lines)
[42/200] CJ 💛 & Ian L
  Loading messages...
  Generating maximum-detail report...
  ✓ Saved (1,022 words, 221 lines)
[43/200] Melyssa
  Loading messages...
  Generating maximum-detail report...
  ✓ Saved (1,011 words, 221 lines)
[44/200] Jake C
  Loading messages...
  Generating maximum-detail report...
  ✓ Saved (1,015 words, 221 lines)
[45/200] Philip
  Loading messages...
  Generating maximum-detail report...
  ✓ Saved (1,027 words, 221 lines)
[46/200] Dean Martel
  Loading messages...
  Generating maximum-detail report...
  ✓ Saved (1,020 words, 221 lines)
[47/200] Laura The Cool One
  Loading messages...
  Generating maximum-detail report...
  ✓ Saved (1,029 words, 221 lines)
[48/200] Sarah Swanson & Jackie Graf
  Loading messages...
  Generating maximum-detail report...
  ✓ Saved (1,027 words, 221 lines)
[49/200] Thigo Silvia
  Loading messages...
  Generating maximum-detail report...
  ✓ Saved (1,011 words, 221 lines)
[50/200] Mom & Dad
  Loading messages...
  Generating maximum-detail report...
  ✓ Saved (1,009 words, 219 lines)

============================================================
PROGRESS: 50/200 (25.0%)
============================================================

[51/200] Mia Talamelli
  Loading messages...
  Generating maximum-detail report...
  ✓ Saved (1,107 words, 232 lines)
[52/200] Colette
  Loading messages...
  Generating maximum-detail report...
  ✓ Saved (1,013 words, 221 lines)
[53/200] New Years Dinner ☕️
  Loading messages...
  Generating maximum-detail report...
  ✓ Saved (1,031 words, 221 lines)
[54/200] Seb & K & Max
  Loading messages...
  Generating maximum-detail report...
  ✓ Saved (1,024 words, 221 lines)
[55/200] Jon 4d
  Loading messages...
  Generating maximum-detail report...
  ✓ Saved (1,027 words, 221 lines)
[56/200] Patti Demilia
  Loading messages...
  Generating maximum-detail report...
  ✓ Saved (1,021 words, 221 lines)
[57/200] Cole & Isabel De Leon & Thigo Silvia & Mike
  Loading messages...
  Generating maximum-detail report...
  ✓ Saved (1,041 words, 221 lines)
[58/200] +12035546550
  Loading messages...
  Generating maximum-detail report...
  ✓ Saved (1,027 words, 221 lines)
[59/200] Caroline Dillon
  Loading messages...
  Generating maximum-detail report...
  ✓ Saved (1,007 words, 221 lines)
[60/200] Stephanie J
  Loading messages...
  Generating maximum-detail report...
  ✓ Saved (1,018 words, 221 lines)

============================================================
PROGRESS: 60/200 (30.0%)
============================================================

[61/200] Fredrik Ytyr.
  Loading messages...
  Generating maximum-detail report...
  ✓ Saved (1,016 words, 221 lines)
[62/200] Seb & Max
  Loading messages...
  Generating maximum-detail report...
  ✓ Saved (1,005 words, 221 lines)
[63/200] RJS Sing Along Adventure
  Loading messages...
  Generating maximum-detail report...
  ✓ Saved (1,053 words, 221 lines)
[64/200] The Crew 🥥🎸🎙🦋💫🎶
  Loading messages...
  Generating maximum-detail report...
  ✓ Saved (1,034 words, 221 lines)
[65/200] Aunt Anne
  Loading messages...
  Generating maximum-detail report...
  ✓ Saved (1,002 words, 221 lines)
[66/200] Dre
  Loading messages...
  Generating maximum-detail report...
  ✓ Saved (1,011 words, 221 lines)
[67/200] Mew
  Loading messages...
  Generating maximum-detail report...
  ✓ Saved (997 words, 221 lines)
[68/200] Natalia (young and restless)
  Loading messages...
  Generating maximum-detail report...
  ✓ Saved (1,090 words, 225 lines)
[69/200] Sloan Wayne
  Loading messages...
  Generating maximum-detail report...
  ✓ Saved (977 words, 221 lines)
[70/200] +12038108537
  Loading messages...
  Generating maximum-detail report...
  ✓ Saved (1,007 words, 221 lines)

============================================================
PROGRESS: 70/200 (35.0%)
============================================================

[71/200] Adriana
  Loading messages...
  Generating maximum-detail report...
  ✓ Saved (999 words, 221 lines)
[72/200] Attractive men pretending to be old man Logan
  Loading messages...
  Generating maximum-detail report...
  ✓ Saved (1,032 words, 221 lines)
[73/200] Andy Bybee
  Loading messages...
  Generating maximum-detail report...
  ✓ Saved (1,022 words, 221 lines)
[74/200] The mental deranged poets society
  Loading messages...
  Generating maximum-detail report...
  ✓ Saved (1,025 words, 221 lines)
[75/200] Max & Julia Rain Grounds & Dre & Laura The Cool One & Dan M YATR & Fredrik Ytyr.
  Loading messages...
  Generating maximum-detail report...
  ✓ Saved (1,071 words, 221 lines)
[76/200] Mom & Gamon
  Loading messages...
  Generating maximum-detail report...
  ✓ Saved (1,022 words, 219 lines)
[77/200] Wicked 🤘
  Loading messages...
  Generating maximum-detail report...
  ✓ Saved (1,027 words, 221 lines)
[78/200] Tom
  Loading messages...
  Generating maximum-detail report...
  ✓ Saved (993 words, 221 lines)
[79/200] Michael Kenny & +14134411938 & Max & Laura The Cool One & Renny & +12035200217 & +12033627203
  Loading messages...
  Generating maximum-detail report...
  ✓ Saved (1,075 words, 221 lines)
[80/200] mike b
  Loading messages...
  Generating maximum-detail report...
  ✓ Saved (1,020 words, 221 lines)

============================================================
PROGRESS: 80/200 (40.0%)
============================================================

[81/200] Christan Tytr
  Loading messages...
  Generating maximum-detail report...
  ✓ Saved (1,020 words, 221 lines)
[82/200] Ben E
  Loading messages...
  Generating maximum-detail report...
  ✓ Saved (1,014 words, 221 lines)
[83/200] Lindsey
  Loading messages...
  Generating maximum-detail report...
  ✓ Saved (984 words, 217 lines)
[84/200] Steph 💕 & Potato
  Loading messages...
  Generating maximum-detail report...
  ✓ Saved (1,012 words, 221 lines)
[85/200] Max & Marisa & +19148307879 & +12039527873 & +12032490031 & +12032951931 & +12039044030 & +12039819355 & Gary
  Loading messages...
  Generating maximum-detail report...
  ✓ Saved (1,067 words, 221 lines)
[86/200] +15042664562
  Loading messages...
  Generating maximum-detail report...
  ✓ Saved (995 words, 221 lines)
[87/200] Hannah Tattoo
  Loading messages...
  Generating maximum-detail report...
  ✓ Saved (988 words, 221 lines)
[88/200] Mike G
  Loading messages...
  Generating maximum-detail report...
  ✓ Saved (978 words, 217 lines)
[89/200] X
  Loading messages...
  Generating maximum-detail report...
  ✓ Saved (1,045 words, 221 lines)
[90/200] Hamel Erika
  Loading messages...
  Generating maximum-detail report...
  ✓ Saved (1,091 words, 232 lines)

============================================================
PROGRESS: 90/200 (45.0%)
============================================================

[91/200] Seb & K
  Loading messages...
  Generating maximum-detail report...
  ✓ Saved (1,018 words, 221 lines)
[92/200] Omari
  Loading messages...
  Generating maximum-detail report...
  ✓ Saved (997 words, 221 lines)
[93/200] K
  Loading messages...
  Generating maximum-detail report...
  ✓ Saved (1,000 words, 221 lines)
[94/200] Shane
  Loading messages...
  Generating maximum-detail report...
  ✓ Saved (1,036 words, 221 lines)
[95/200] d
  Loading messages...
  Generating maximum-detail report...
  ✓ Saved (1,011 words, 221 lines)
[96/200] Cole & Brandon & +12035566030 & Dre & +12035450968
  Loading messages...
  Generating maximum-detail report...
  ✓ Saved (1,035 words, 221 lines)
[97/200] drew
  Loading messages...
  Generating maximum-detail report...
  ✓ Saved (1,035 words, 221 lines)
[98/200] 2 Perverts y una Tia
  Loading messages...
  Generating maximum-detail report...
  ✓ Saved (1,019 words, 221 lines)
[99/200] The Unction™️
  Loading messages...
  Generating maximum-detail report...
  ✓ Saved (1,031 words, 221 lines)
[100/200] Ean
  Loading messages...
  Generating maximum-detail report...
  ✓ Saved (991 words, 221 lines)

============================================================
PROGRESS: 100/200 (50.0%)
============================================================

[101/200] Dad
  Loading messages...
  Generating maximum-detail report...
  ✓ Saved (979 words, 219 lines)
[102/200] Cole & Isabel De Leon
  Loading messages...
  Generating maximum-detail report...
  ✓ Saved (1,031 words, 221 lines)
[103/200] raccoon pounderer.
  Loading messages...
  Generating maximum-detail report...
  ✓ Saved (1,051 words, 221 lines)
[104/200] Gamon
  Loading messages...
  Generating maximum-detail report...
  ✓ Saved (1,013 words, 221 lines)
[105/200] Ori
  Loading messages...
  Generating maximum-detail report...
  ✓ Saved (1,047 words, 225 lines)
[106/200] Issabella Frango
  Loading messages...
  Generating maximum-detail report...
  ✓ Saved (1,031 words, 221 lines)
[107/200] jimmi m
  Loading messages...
  Generating maximum-detail report...
  ✓ Saved (1,048 words, 221 lines)
[108/200] Max & Dre
  Loading messages...
  Generating maximum-detail report...
  ✓ Saved (982 words, 221 lines)
[109/200] Potato & Thot Daughter & Jane Lott & johnny o
  Loading messages...
  Generating maximum-detail report...
  ✓ Saved (1,051 words, 221 lines)
[110/200] Potato & sean
  Loading messages...
  Generating maximum-detail report...
  ✓ Saved (1,001 words, 221 lines)

============================================================
PROGRESS: 110/200 (55.0%)
============================================================

[111/200] Dr L
  Loading messages...
  Generating maximum-detail report...
  ✓ Saved (1,112 words, 232 lines)
[112/200] Grandma T Cell & Dad & Aunt Eric Cell & Mark Cell & Connie & Alisha & Mom & +12037107577
  Loading messages...
  Generating maximum-detail report...
  ✓ Saved (1,078 words, 221 lines)
[113/200] Julia Rain Grounds & Potato & Connor
  Loading messages...
  Generating maximum-detail report...
  ✓ Saved (1,041 words, 221 lines)
[114/200] old toast
  Loading messages...
  Generating maximum-detail report...
  ✓ Saved (1,013 words, 221 lines)
[115/200] Grace Mullane
  Loading messages...
  Generating maximum-detail report...
  ✓ Saved (997 words, 221 lines)
[116/200] Cros
  Loading messages...
  Generating maximum-detail report...
  ✓ Saved (1,040 words, 225 lines)
[117/200] Cole & Steph 💕
  Loading messages...
  Generating maximum-detail report...
  ✓ Saved (1,013 words, 221 lines)
[118/200] Cole & Thigo Silvia
  Loading messages...
  Generating maximum-detail report...
  ✓ Saved (1,013 words, 221 lines)
[119/200] Alexis
  Loading messages...
  Generating maximum-detail report...
  ✓ Saved (1,013 words, 221 lines)
[120/200] hoes and homos
  Loading messages...
  Generating maximum-detail report...
  ✓ Saved (1,168 words, 239 lines)

============================================================
PROGRESS: 120/200 (60.0%)
============================================================

[121/200] Katia Tavarez
  Loading messages...
  Generating maximum-detail report...
  ✓ Saved (986 words, 221 lines)
[122/200] Hinge Jen
  Loading messages...
  Generating maximum-detail report...
  ✓ Saved (1,042 words, 221 lines)
[123/200] Mark Cell
  Loading messages...
  Generating maximum-detail report...
  ✓ Saved (1,023 words, 221 lines)
[124/200] johnny o
  Loading messages...
  Generating maximum-detail report...
  ✓ Saved (1,030 words, 221 lines)
[125/200] Steph 💕 & Julia Rain Grounds & Potato
  Loading messages...
  Generating maximum-detail report...
  ✓ Saved (1,033 words, 221 lines)
[126/200] Katia Tavarez & Max
  Loading messages...
  Generating maximum-detail report...
  ✓ Saved (1,011 words, 221 lines)
[127/200] Seb
  Loading messages...
  Generating maximum-detail report...
  ✓ Saved (1,001 words, 221 lines)
[128/200] BrookeG
  Loading messages...
  Generating maximum-detail report...
  ✓ Saved (1,011 words, 221 lines)
[129/200] Ellie Haney
  Loading messages...
  Generating maximum-detail report...
  ✓ Saved (1,025 words, 221 lines)
[130/200] Michael Berardini & Nancy Brady & Anastasia Mello & +18605154777 & +15082611335 & +12013641854 & +14018089920 & +17813011017 & +16037596991 & +14014814720 & +15086544572 & +19738864589 & +12039237772 & +19788460035 & +18607185429 & +19734079245
  Loading messages...
  Generating maximum-detail report...
  ✓ Saved (1,104 words, 221 lines)

============================================================
PROGRESS: 130/200 (65.0%)
============================================================

[131/200] Connie
  Loading messages...
  Generating maximum-detail report...
  ✓ Saved (1,023 words, 221 lines)
[132/200] Isabel De Leon
  Loading messages...
  Generating maximum-detail report...
  ✓ Saved (1,103 words, 232 lines)
[133/200] Guy From Train
  Loading messages...
  Generating maximum-detail report...
  ✓ Saved (1,052 words, 221 lines)
[134/200] miles
  Loading messages...
  Generating maximum-detail report...
  ✓ Saved (1,026 words, 221 lines)
[135/200] why didn’t anyone add drew?
  Loading messages...
  Generating maximum-detail report...
  ✓ Saved (1,058 words, 221 lines)
[136/200] Seb & K & d
  Loading messages...
  Generating maximum-detail report...
  ✓ Saved (1,051 words, 221 lines)
[137/200] Michael Kenny
  Loading messages...
  Generating maximum-detail report...
  ✓ Saved (1,009 words, 221 lines)
[138/200] MOOSE T
  Loading messages...
  Generating maximum-detail report...
  ✓ Saved (1,010 words, 221 lines)
[139/200] Alastair Bruce
  Loading messages...
  Generating maximum-detail report...
  ✓ Saved (1,034 words, 221 lines)
[140/200] Jess Wi
  Loading messages...
  Generating maximum-detail report...
  ✓ Saved (1,019 words, 221 lines)

============================================================
PROGRESS: 140/200 (70.0%)
============================================================

[141/200] Jane Lott
  Loading messages...
  Generating maximum-detail report...
  ✓ Saved (1,021 words, 221 lines)
[142/200] Maddie
  Loading messages...
  Generating maximum-detail report...
  ✓ Saved (1,004 words, 221 lines)
[143/200] Oliver sponsee
  Loading messages...
  Generating maximum-detail report...
  ✓ Saved (1,056 words, 221 lines)
[144/200] becca
  Loading messages...
  Generating maximum-detail report...
  ✓ Saved (1,030 words, 221 lines)
[145/200] fuck around and find out
  Loading messages...
  Generating maximum-detail report...
  ✓ Saved (1,031 words, 221 lines)
[146/200] Julia Rain Grounds & Potato
  Loading messages...
  Generating maximum-detail report...
  ✓ Saved (1,013 words, 221 lines)
[147/200] Dan M YATR
  Loading messages...
  Generating maximum-detail report...
  ✓ Saved (1,015 words, 221 lines)
[148/200] Aunts, Uncs, and Cunts💜
  Loading messages...
  Generating maximum-detail report...
  ✓ Saved (1,052 words, 221 lines)
[149/200] Barrett
  Loading messages...
  Generating maximum-detail report...
  ✓ Saved (981 words, 221 lines)
[150/200] Jess H & Katia Tavarez & Max
  Loading messages...
  Generating maximum-detail report...
  ✓ Saved (1,012 words, 217 lines)

============================================================
PROGRESS: 150/200 (75.0%)
============================================================

[151/200] Cole & Gabby
  Loading messages...
  Generating maximum-detail report...
  ✓ Saved (1,008 words, 221 lines)
[152/200] ben rjs
  Loading messages...
  Generating maximum-detail report...
  ✓ Saved (1,027 words, 221 lines)
[153/200] An Hewit
  Loading messages...
  Generating maximum-detail report...
  ✓ Saved (999 words, 221 lines)
[154/200] Brooke
  Loading messages...
  Generating maximum-detail report...
  ✓ Saved (1,004 words, 221 lines)
[155/200] Yacht Cock 
  Loading messages...
  Generating maximum-detail report...
  ✓ Saved (1,022 words, 221 lines)
[156/200] Karen
  Loading messages...
  Generating maximum-detail report...
  ✓ Saved (1,003 words, 221 lines)
[157/200] Dawn Rodgers
  Loading messages...
  Generating maximum-detail report...
  ✓ Saved (994 words, 221 lines)
[158/200] Just a Girl ~litteraly~
  Loading messages...
  Generating maximum-detail report...
  ✓ Saved (1,014 words, 221 lines)
[159/200] Bob G & Ron & +12035052723 & +12032439957 & +19143936526
  Loading messages...
  Generating maximum-detail report...
  ✓ Saved (1,022 words, 221 lines)
[160/200] Lauren A
  Loading messages...
  Generating maximum-detail report...
  ✓ Saved (1,017 words, 221 lines)

============================================================
PROGRESS: 160/200 (80.0%)
============================================================

[161/200] Kelly Norman
  Loading messages...
  Generating maximum-detail report...
  ✓ Saved (955 words, 213 lines)
[162/200] James L
  Loading messages...
  Generating maximum-detail report...
  ✓ Saved (1,020 words, 221 lines)
[163/200] Alex
  Loading messages...
  Generating maximum-detail report...
  ✓ Saved (1,034 words, 221 lines)
[164/200] miles & Potato & MOOSE T & raccoon pounderer. & Ori & d(real) & Dean Martel & Thot Daughter & mike b
  Loading messages...
  Generating maximum-detail report...
  ✓ Saved (1,082 words, 221 lines)
[165/200] Cole & Brandon & Kathryn & +12035566030 & Dre
  Loading messages...
  Generating maximum-detail report...
  ✓ Saved (1,038 words, 221 lines)
[166/200] Rich El Gato
  Loading messages...
  Generating maximum-detail report...
  ✓ Saved (1,010 words, 221 lines)
[167/200] CJ 💛
  Loading messages...
  Generating maximum-detail report...
  ✓ Saved (1,003 words, 221 lines)
[168/200] richard- the cool one
  Loading messages...
  Generating maximum-detail report...
  ✓ Saved (1,019 words, 221 lines)
[169/200] Jackles Inc
  Loading messages...
  Generating maximum-detail report...
  ✓ Saved (1,038 words, 221 lines)
[170/200] Phillip sponsee
  Loading messages...
  Generating maximum-detail report...
  ✓ Saved (990 words, 221 lines)

============================================================
PROGRESS: 170/200 (85.0%)
============================================================

[171/200] daniel thee sponsee
  Loading messages...
  Generating maximum-detail report...
  ✓ Saved (1,019 words, 221 lines)
[172/200] Potato & Thot Daughter
  Loading messages...
  Generating maximum-detail report...
  ✓ Saved (1,054 words, 221 lines)
[173/200] Cole
  Loading messages...
  Generating maximum-detail report...
  ✓ Saved (1,019 words, 221 lines)
[174/200] Max & Julia Rain Grounds & Dre
  Loading messages...
  Generating maximum-detail report...
  ✓ Saved (1,007 words, 221 lines)
[175/200] Jessica & becca
  Loading messages...
  Generating maximum-detail report...
  ✓ Saved (1,025 words, 221 lines)
[176/200] Politics Aaron
  Loading messages...
  Generating maximum-detail report...
  ✓ Saved (1,015 words, 221 lines)
[177/200] Mom
  Loading messages...
  Generating maximum-detail report...
  ✓ Saved (1,005 words, 219 lines)
[178/200] Ron
  Loading messages...
  Generating maximum-detail report...
  ✓ Saved (1,001 words, 221 lines)
[179/200] Mike Shes
  Loading messages...
  Generating maximum-detail report...
  ✓ Saved (1,047 words, 221 lines)
[180/200] UnHinged
  Loading messages...
  Generating maximum-detail report...
  ✓ Saved (1,021 words, 221 lines)

============================================================
PROGRESS: 180/200 (90.0%)
============================================================

[181/200] nick
  Loading messages...
  Generating maximum-detail report...
  ✓ Saved (1,021 words, 221 lines)
[182/200] Connor
  Loading messages...
  Generating maximum-detail report...
  ✓ Saved (1,026 words, 221 lines)
[183/200] Mitch
  Loading messages...
  Generating maximum-detail report...
  ✓ Saved (1,012 words, 221 lines)
[184/200] Terminally Burt
  Loading messages...
  Generating maximum-detail report...
  ✓ Saved (1,046 words, 221 lines)
[185/200] autism party
  Loading messages...
  Generating maximum-detail report...
  ✓ Saved (1,015 words, 217 lines)
[186/200] Stag Spirit Shop Punta adults with 401ks
  Loading messages...
  Generating maximum-detail report...
  ✓ Saved (1,032 words, 221 lines)
[187/200] GABRIELLE WADE
  Loading messages...
  Generating maximum-detail report...
  ✓ Saved (1,022 words, 221 lines)
[188/200] Grittytude
  Loading messages...
  Generating maximum-detail report...
  ✓ Saved (1,063 words, 221 lines)
[189/200] One-Shot-Squad
  Loading messages...
  Generating maximum-detail report...
  ✓ Saved (1,027 words, 221 lines)
[190/200] belladonna
  Loading messages...
  Generating maximum-detail report...
  ✓ Saved (1,033 words, 221 lines)

============================================================
PROGRESS: 190/200 (95.0%)
============================================================

[191/200] Sarah L
  Loading messages...
  Generating maximum-detail report...
  ✓ Saved (1,021 words, 221 lines)
[192/200] Ania
  Loading messages...
  Generating maximum-detail report...
  ✓ Saved (1,000 words, 221 lines)
[193/200] Papa John
  Loading messages...
  Generating maximum-detail report...
  ✓ Saved (1,018 words, 221 lines)
[194/200] Rose
  Loading messages...
  Generating maximum-detail report...
  ✓ Saved (1,006 words, 221 lines)
[195/200] Potato & johnny o
  Loading messages...
  Generating maximum-detail report...
  ✓ Saved (1,038 words, 221 lines)
[196/200] Bella
  Loading messages...
  Generating maximum-detail report...
  ✓ Saved (1,015 words, 221 lines)
[197/200] Nikki
  Loading messages...
  Generating maximum-detail report...
  ✓ Saved (1,002 words, 221 lines)
[198/200] Nick Toledo
  Loading messages...
  Generating maximum-detail report...
  ✓ Saved (1,052 words, 221 lines)
[199/200] Sam H
  Loading messages...
  Generating maximum-detail report...
  ✓ Saved (1,008 words, 221 lines)
[200/200] Space Adventures 2: the Spaceaning
  Loading messages...
  Generating maximum-detail report...
  ✓ Saved (1,033 words, 221 lines)

============================================================
PROGRESS: 200/200 (100.0%)
============================================================


============================================================
✓ COMPLETED: 200 maximum-detail reports
============================================================
