Regenerating 11 missing reports...

[1/11] Dr L
  Loading messages...
  Generating report...
  ✓ Saved (1,112 words)

[2/11] raccoon pounderer.
  Loading messages...
  Generating report...
  ✓ Saved (1,051 words)

[3/11] Rose
  Loading messages...
  Generating report...
  ✓ Saved (1,006 words)

[4/11] Isabel De Leon
  Loading messages...
  Generating report...
  ✓ Saved (1,103 words)

[5/11] Thot Daughter
  Loading messages...
  Generating report...
  ✓ Saved (1,033 words)

[6/11] Cros
  Loading messages...
  Generating report...
  ✓ Saved (1,040 words)

[7/11] Mia Talamelli
  Loading messages...
  Generating report...
  ✓ Saved (1,107 words)

[8/11] Michael Kenny
  Loading messages...
  Generating report...
  ✓ Saved (1,009 words)

[9/11] Dad
  Loading messages...
  Generating report...
  ✓ Saved (979 words)

[10/11] Mom &amp; Dad
  ⚠️  No analysis found

[11/11] Mom
  Loading messages...
  Generating report...
  ✓ Saved (1,005 words)

✓ Completed regeneration of 11 reports
