================================================================================
ULTRA-DEEP REPORT ENHANCEMENT - TIER 1 (TOP 10)
================================================================================

[1/10] Generating ultra-deep report for: Lily
✅ Generated 3,517 word report for Lily

[2/10] Generating ultra-deep report for: Marisa
✅ Generated 3,332 word report for Marisa

[3/10] Generating ultra-deep report for: Ian L
✅ Generated 3,318 word report for Ian L

[4/10] Generating ultra-deep report for: Max
✅ Generated 3,157 word report for Max

[5/10] Generating ultra-deep report for: Potato
✅ Generated 3,087 word report for Potato

[6/10] Generating ultra-deep report for: Julia Rain Grounds
✅ Generated 3,135 word report for Julia Rain Grounds

[7/10] Generating ultra-deep report for: Gabby
✅ Generated 3,100 word report for Gabby

[8/10] Generating ultra-deep report for: Steph 💕
✅ Generated 3,260 word report for Steph 💕

[9/10] Generating ultra-deep report for: hoes and homos
✅ Generated 3,046 word report for hoes and homos

[10/10] Generating ultra-deep report for: Mom
✅ Generated 3,194 word report for Mom

================================================================================
✅ TIER 1 ENHANCEMENT COMPLETE!
================================================================================
