================================================================================
DEEP REPORT ENHANCEMENT - TIER 2 (NEXT 10)
================================================================================

[11/20] Generating deep report for: Chloe Lopez
✅ Generated 3,206 word report for Chloe Lopez

[12/20] Generating deep report for: Isabel De Leon
✅ Generated 3,257 word report for Isabel De Leon

[13/20] Generating deep report for: Cros
✅ Generated 3,102 word report for Cros

[14/20] Generating deep report for: The mental deranged poets society
✅ Generated 3,023 word report for The mental deranged poets society

[15/20] Generating deep report for: Mom & Dad
✅ Generated 3,260 word report for Mom & Dad

[16/20] Generating deep report for: Gratitudeversity
✅ Generated 2,883 word report for Gratitudeversity

[17/20] Generating deep report for: Jessica
✅ Generated 2,870 word report for Jessica

[18/20] Generating deep report for: Mia Talamelli
✅ Generated 3,117 word report for Mia Talamelli

[19/20] Generating deep report for: One-Shot-Squad
✅ Generated 2,979 word report for One-Shot-Squad

[20/20] Generating deep report for: Hamel Erika
✅ Generated 3,128 word report for Hamel Erika

================================================================================
✅ TIER 2 ENHANCEMENT COMPLETE!
================================================================================
