============================================================
GENERATING ULTRA-DEEP REPORTS
============================================================

Generating ultra-deep reports for 200 analyzed contacts...

[1/200] Jessica
  Loading messages for Jessica...
  Generating ultra-deep report...
  ✓ Saved to REPORTS/04_INDIVIDUAL_PROFILES/romantic/Jessica.md

[2/200] Lily
  Loading messages for Lily...
  Generating ultra-deep report...
  ✓ Saved to REPORTS/04_INDIVIDUAL_PROFILES/romantic/Lily.md

[3/200] Marisa
  Loading messages for Marisa...
  Generating ultra-deep report...
  ✓ Saved to REPORTS/04_INDIVIDUAL_PROFILES/romantic/Marisa.md

[4/200] Julia Rain Grounds
  Loading messages for Julia Rain Grounds...
  Generating ultra-deep report...
  ✓ Saved to REPORTS/04_INDIVIDUAL_PROFILES/romantic/Julia Rain Grounds.md

[5/200] Ian L
  Loading messages for Ian L...
  Generating ultra-deep report...
  ✓ Saved to REPORTS/04_INDIVIDUAL_PROFILES/friends/Ian L.md

[6/200] Max
  Loading messages for Max...
  Generating ultra-deep report...
  ✓ Saved to REPORTS/04_INDIVIDUAL_PROFILES/friends/Max.md

[7/200] Potato
  Loading messages for Potato...
  Generating ultra-deep report...
  ✓ Saved to REPORTS/04_INDIVIDUAL_PROFILES/friends/Potato.md

[8/200] Gabby
  Loading messages for Gabby...
  Generating ultra-deep report...
  ✓ Saved to REPORTS/04_INDIVIDUAL_PROFILES/friends/Gabby.md

[9/200] Steph 💕
  Loading messages for Steph 💕...
  Generating ultra-deep report...
  ✓ Saved to REPORTS/04_INDIVIDUAL_PROFILES/friends/Steph 💕.md

[10/200] Chloe Lopez
  Loading messages for Chloe Lopez...
  Generating ultra-deep report...
  ✓ Saved to REPORTS/04_INDIVIDUAL_PROFILES/friends/Chloe Lopez.md

[11/200] sean
  Loading messages for sean...
  Generating ultra-deep report...
  ✓ Saved to REPORTS/04_INDIVIDUAL_PROFILES/individuals/sean.md

[12/200] Ori is the best 
  Loading messages for Ori is the best ...
  Generating ultra-deep report...
  ✓ Saved to REPORTS/04_INDIVIDUAL_PROFILES/individuals/Ori is the best .md

[13/200] Thot Daughter
  Loading messages for Thot Daughter...
  Generating ultra-deep report...
  ✓ Saved to REPORTS/04_INDIVIDUAL_PROFILES/individuals/Thot Daughter.md

[14/200] christine
  Loading messages for christine...
  Generating ultra-deep report...
  ✓ Saved to REPORTS/04_INDIVIDUAL_PROFILES/individuals/christine.md

[15/200] quinn
  Loading messages for quinn...
  Generating ultra-deep report...
  ✓ Saved to REPORTS/04_INDIVIDUAL_PROFILES/individuals/quinn.md

[16/200] Andrea
  Loading messages for Andrea...
  Generating ultra-deep report...
  ✓ Saved to REPORTS/04_INDIVIDUAL_PROFILES/individuals/Andrea.md

[17/200] Dad & Mom
  Loading messages for Dad & Mom...
  Generating ultra-deep report...
  ✓ Saved to REPORTS/04_INDIVIDUAL_PROFILES/family/Dad & Mom.md

[18/200] Phil Maxson
  Loading messages for Phil Maxson...
  Generating ultra-deep report...
  ✓ Saved to REPORTS/04_INDIVIDUAL_PROFILES/individuals/Phil Maxson.md

[19/200] James & Michael Kenny & +12036507437 & +12036734400 & +12032783941 & Yd & +12034009352 & +16462619234 & +12036504216 & Rob & Wolfganf & +12039134416 & Greg & Renny & +12033334771 & +12035813254 & +12037070824 & Matthew D & +12035202207
  Loading messages for James & Michael Kenny & +12036507437 & +12036734400 & +12032783941 & Yd & +12034009352 & +16462619234 & +12036504216 & Rob & Wolfganf & +12039134416 & Greg & Renny & +12033334771 & +12035813254 & +12037070824 & Matthew D & +12035202207...
  Generating ultra-deep report...
  ✓ Saved to REPORTS/04_INDIVIDUAL_PROFILES/individuals/James & Michael Kenny & +12036507437 & +12036734400 & +12032783941 & Yd & +12034009352 & +16462619234 & +12036504216 & Rob & Wolfganf & +12039134416 & Greg & Renny & +12033334771 & +12035813254 & +12037070824 & Matthew D & +12035202207.md

[20/200] d(real)
  Loading messages for d(real)...
  Generating ultra-deep report...
  ✓ Saved to REPORTS/04_INDIVIDUAL_PROFILES/individuals/d(real).md

[21/200] Sky Family
  Loading messages for Sky Family...
  Generating ultra-deep report...
  ✓ Saved to REPORTS/04_INDIVIDUAL_PROFILES/individuals/Sky Family.md

[22/200] Pauly Boss
  Loading messages for Pauly Boss...
  Generating ultra-deep report...
  ✓ Saved to REPORTS/04_INDIVIDUAL_PROFILES/individuals/Pauly Boss.md

[23/200] Ori & toast Oreta
  Loading messages for Ori & toast Oreta...
  Generating ultra-deep report...
  ✓ Saved to REPORTS/04_INDIVIDUAL_PROFILES/individuals/Ori & toast Oreta.md

[24/200] Veni The Sponsee
  Loading messages for Veni The Sponsee...
  Generating ultra-deep report...
  ✓ Saved to REPORTS/04_INDIVIDUAL_PROFILES/individuals/Veni The Sponsee.md

[25/200] Parked Out By The Lake
  Loading messages for Parked Out By The Lake...
  Generating ultra-deep report...
  ✓ Saved to REPORTS/04_INDIVIDUAL_PROFILES/individuals/Parked Out By The Lake.md

[26/200] Bubba E
  Loading messages for Bubba E...
  Generating ultra-deep report...
  ✓ Saved to REPORTS/04_INDIVIDUAL_PROFILES/individuals/Bubba E.md

[27/200] Shannan’s bday
  Loading messages for Shannan’s bday...
  Generating ultra-deep report...
  ✓ Saved to REPORTS/04_INDIVIDUAL_PROFILES/individuals/Shannan’s bday.md

[28/200] PJ
  Loading messages for PJ...
  Generating ultra-deep report...
  ✓ Saved to REPORTS/04_INDIVIDUAL_PROFILES/individuals/PJ.md

[29/200] Max & +12039527873 & +12032490031 & +12039044030 & +12039819355 & Gary & +12036908901
  Loading messages for Max & +12039527873 & +12032490031 & +12039044030 & +12039819355 & Gary & +12036908901...
  Generating ultra-deep report...
  ✓ Saved to REPORTS/04_INDIVIDUAL_PROFILES/individuals/Max & +12039527873 & +12032490031 & +12039044030 & +12039819355 & Gary & +12036908901.md

[30/200] toast Oreta
  Loading messages for toast Oreta...
  Generating ultra-deep report...
  ✓ Saved to REPORTS/04_INDIVIDUAL_PROFILES/individuals/toast Oreta.md

[31/200] Cole & Ali Haidar
  Loading messages for Cole & Ali Haidar...
  Generating ultra-deep report...
  ✓ Saved to REPORTS/04_INDIVIDUAL_PROFILES/individuals/Cole & Ali Haidar.md

[32/200] +14754343999
  Loading messages for +14754343999...
  Generating ultra-deep report...
  ✓ Saved to REPORTS/04_INDIVIDUAL_PROFILES/individuals/+14754343999.md

[33/200] Lori W
  Loading messages for Lori W...
  Generating ultra-deep report...
  ✓ Saved to REPORTS/04_INDIVIDUAL_PROFILES/individuals/Lori W.md

[34/200] Stephen Work
  Loading messages for Stephen Work...
  Generating ultra-deep report...
  ✓ Saved to REPORTS/04_INDIVIDUAL_PROFILES/individuals/Stephen Work.md

[35/200] Melyssa & Garett & Chloe Lopez
  Loading messages for Melyssa & Garett & Chloe Lopez...
  Generating ultra-deep report...
  ✓ Saved to REPORTS/04_INDIVIDUAL_PROFILES/individuals/Melyssa & Garett & Chloe Lopez.md

[36/200] Erin
  Loading messages for Erin...
  Generating ultra-deep report...
  ✓ Saved to REPORTS/04_INDIVIDUAL_PROFILES/individuals/Erin.md

[37/200] Honorary white boiz
  Loading messages for Honorary white boiz...
  Generating ultra-deep report...
  ✓ Saved to REPORTS/04_INDIVIDUAL_PROFILES/individuals/Honorary white boiz.md

[38/200] Garett
  Loading messages for Garett...
  Generating ultra-deep report...
  ✓ Saved to REPORTS/04_INDIVIDUAL_PROFILES/individuals/Garett.md

[39/200] Julia-G Spinster
  Loading messages for Julia-G Spinster...
  Generating ultra-deep report...
  ✓ Saved to REPORTS/04_INDIVIDUAL_PROFILES/individuals/Julia-G Spinster.md

[40/200] Isaih
  Loading messages for Isaih...
  Generating ultra-deep report...
  ✓ Saved to REPORTS/04_INDIVIDUAL_PROFILES/individuals/Isaih.md

[41/200] Gratitudeversity
  Loading messages for Gratitudeversity...
  Generating ultra-deep report...
  ✓ Saved to REPORTS/04_INDIVIDUAL_PROFILES/individuals/Gratitudeversity.md

[42/200] CJ 💛 & Ian L
  Loading messages for CJ 💛 & Ian L...
  Generating ultra-deep report...
  ✓ Saved to REPORTS/04_INDIVIDUAL_PROFILES/individuals/CJ 💛 & Ian L.md

[43/200] Melyssa
  Loading messages for Melyssa...
  Generating ultra-deep report...
  ✓ Saved to REPORTS/04_INDIVIDUAL_PROFILES/individuals/Melyssa.md

[44/200] Jake C
  Loading messages for Jake C...
  Generating ultra-deep report...
  ✓ Saved to REPORTS/04_INDIVIDUAL_PROFILES/individuals/Jake C.md

[45/200] Philip
  Loading messages for Philip...
  Generating ultra-deep report...
  ✓ Saved to REPORTS/04_INDIVIDUAL_PROFILES/individuals/Philip.md

[46/200] Dean Martel
  Loading messages for Dean Martel...
  Generating ultra-deep report...
  ✓ Saved to REPORTS/04_INDIVIDUAL_PROFILES/individuals/Dean Martel.md

[47/200] Laura The Cool One
  Loading messages for Laura The Cool One...
  Generating ultra-deep report...
  ✓ Saved to REPORTS/04_INDIVIDUAL_PROFILES/individuals/Laura The Cool One.md

[48/200] Sarah Swanson & Jackie Graf
  Loading messages for Sarah Swanson & Jackie Graf...
  Generating ultra-deep report...
  ✓ Saved to REPORTS/04_INDIVIDUAL_PROFILES/individuals/Sarah Swanson & Jackie Graf.md

[49/200] Thigo Silvia
  Loading messages for Thigo Silvia...
  Generating ultra-deep report...
  ✓ Saved to REPORTS/04_INDIVIDUAL_PROFILES/individuals/Thigo Silvia.md

[50/200] Mom & Dad
  Loading messages for Mom & Dad...
  Generating ultra-deep report...
  ✓ Saved to REPORTS/04_INDIVIDUAL_PROFILES/family/Mom & Dad.md

[51/200] Mia Talamelli
  Loading messages for Mia Talamelli...
  Generating ultra-deep report...
  ✓ Saved to REPORTS/04_INDIVIDUAL_PROFILES/individuals/Mia Talamelli.md

[52/200] Colette
  Loading messages for Colette...
  Generating ultra-deep report...
  ✓ Saved to REPORTS/04_INDIVIDUAL_PROFILES/individuals/Colette.md

[53/200] New Years Dinner ☕️
  Loading messages for New Years Dinner ☕️...
  Generating ultra-deep report...
  ✓ Saved to REPORTS/04_INDIVIDUAL_PROFILES/individuals/New Years Dinner ☕️.md

[54/200] Seb & K & Max
  Loading messages for Seb & K & Max...
  Generating ultra-deep report...
  ✓ Saved to REPORTS/04_INDIVIDUAL_PROFILES/individuals/Seb & K & Max.md

[55/200] Jon 4d
  Loading messages for Jon 4d...
  Generating ultra-deep report...
  ✓ Saved to REPORTS/04_INDIVIDUAL_PROFILES/individuals/Jon 4d.md

[56/200] Patti Demilia
  Loading messages for Patti Demilia...
  Generating ultra-deep report...
  ✓ Saved to REPORTS/04_INDIVIDUAL_PROFILES/individuals/Patti Demilia.md

[57/200] Cole & Isabel De Leon & Thigo Silvia & Mike
  Loading messages for Cole & Isabel De Leon & Thigo Silvia & Mike...
  Generating ultra-deep report...
  ✓ Saved to REPORTS/04_INDIVIDUAL_PROFILES/individuals/Cole & Isabel De Leon & Thigo Silvia & Mike.md

[58/200] +12035546550
  Loading messages for +12035546550...
  Generating ultra-deep report...
  ✓ Saved to REPORTS/04_INDIVIDUAL_PROFILES/individuals/+12035546550.md

[59/200] Caroline Dillon
  Loading messages for Caroline Dillon...
  Generating ultra-deep report...
  ✓ Saved to REPORTS/04_INDIVIDUAL_PROFILES/individuals/Caroline Dillon.md

[60/200] Stephanie J
  Loading messages for Stephanie J...
  Generating ultra-deep report...
  ✓ Saved to REPORTS/04_INDIVIDUAL_PROFILES/individuals/Stephanie J.md

[61/200] Fredrik Ytyr.
  Loading messages for Fredrik Ytyr....
  Generating ultra-deep report...
  ✓ Saved to REPORTS/04_INDIVIDUAL_PROFILES/individuals/Fredrik Ytyr..md

[62/200] Seb & Max
  Loading messages for Seb & Max...
  Generating ultra-deep report...
  ✓ Saved to REPORTS/04_INDIVIDUAL_PROFILES/individuals/Seb & Max.md

[63/200] RJS Sing Along Adventure
  Loading messages for RJS Sing Along Adventure...
  Generating ultra-deep report...
  ✓ Saved to REPORTS/04_INDIVIDUAL_PROFILES/individuals/RJS Sing Along Adventure.md

[64/200] The Crew 🥥🎸🎙🦋💫🎶
  Loading messages for The Crew 🥥🎸🎙🦋💫🎶...
  Generating ultra-deep report...
  ✓ Saved to REPORTS/04_INDIVIDUAL_PROFILES/individuals/The Crew 🥥🎸🎙🦋💫🎶.md

[65/200] Aunt Anne
  Loading messages for Aunt Anne...
  Generating ultra-deep report...
  ✓ Saved to REPORTS/04_INDIVIDUAL_PROFILES/individuals/Aunt Anne.md

[66/200] Dre
  Loading messages for Dre...
  Generating ultra-deep report...
  ✓ Saved to REPORTS/04_INDIVIDUAL_PROFILES/individuals/Dre.md

[67/200] Mew
  Loading messages for Mew...
  Generating ultra-deep report...
  ✓ Saved to REPORTS/04_INDIVIDUAL_PROFILES/individuals/Mew.md

[68/200] Natalia (young and restless)
  Loading messages for Natalia (young and restless)...
  Generating ultra-deep report...
  ✓ Saved to REPORTS/04_INDIVIDUAL_PROFILES/individuals/Natalia (young and restless).md

[69/200] Sloan Wayne
  Loading messages for Sloan Wayne...
  Generating ultra-deep report...
  ✓ Saved to REPORTS/04_INDIVIDUAL_PROFILES/individuals/Sloan Wayne.md

[70/200] +12038108537
  Loading messages for +12038108537...
  Generating ultra-deep report...
  ✓ Saved to REPORTS/04_INDIVIDUAL_PROFILES/individuals/+12038108537.md

[71/200] Adriana
  Loading messages for Adriana...
  Generating ultra-deep report...
  ✓ Saved to REPORTS/04_INDIVIDUAL_PROFILES/individuals/Adriana.md

[72/200] Attractive men pretending to be old man Logan
  Loading messages for Attractive men pretending to be old man Logan...
  Generating ultra-deep report...
  ✓ Saved to REPORTS/04_INDIVIDUAL_PROFILES/individuals/Attractive men pretending to be old man Logan.md

[73/200] Andy Bybee
  Loading messages for Andy Bybee...
  Generating ultra-deep report...
  ✓ Saved to REPORTS/04_INDIVIDUAL_PROFILES/individuals/Andy Bybee.md

[74/200] The mental deranged poets society
  Loading messages for The mental deranged poets society...
  Generating ultra-deep report...
  ✓ Saved to REPORTS/04_INDIVIDUAL_PROFILES/individuals/The mental deranged poets society.md

[75/200] Max & Julia Rain Grounds & Dre & Laura The Cool One & Dan M YATR & Fredrik Ytyr.
  Loading messages for Max & Julia Rain Grounds & Dre & Laura The Cool One & Dan M YATR & Fredrik Ytyr....
  Generating ultra-deep report...
  ✓ Saved to REPORTS/04_INDIVIDUAL_PROFILES/individuals/Max & Julia Rain Grounds & Dre & Laura The Cool One & Dan M YATR & Fredrik Ytyr..md

[76/200] Mom & Gamon
  Loading messages for Mom & Gamon...
  Generating ultra-deep report...
  ✓ Saved to REPORTS/04_INDIVIDUAL_PROFILES/family/Mom & Gamon.md

[77/200] Wicked 🤘
  Loading messages for Wicked 🤘...
  Generating ultra-deep report...
  ✓ Saved to REPORTS/04_INDIVIDUAL_PROFILES/individuals/Wicked 🤘.md

[78/200] Tom
  Loading messages for Tom...
  Generating ultra-deep report...
  ✓ Saved to REPORTS/04_INDIVIDUAL_PROFILES/individuals/Tom.md

[79/200] Michael Kenny & +14134411938 & Max & Laura The Cool One & Renny & +12035200217 & +12033627203
  Loading messages for Michael Kenny & +14134411938 & Max & Laura The Cool One & Renny & +12035200217 & +12033627203...
  Generating ultra-deep report...
  ✓ Saved to REPORTS/04_INDIVIDUAL_PROFILES/individuals/Michael Kenny & +14134411938 & Max & Laura The Cool One & Renny & +12035200217 & +12033627203.md

[80/200] mike b
  Loading messages for mike b...
  Generating ultra-deep report...
  ✓ Saved to REPORTS/04_INDIVIDUAL_PROFILES/individuals/mike b.md

[81/200] Christan Tytr
  Loading messages for Christan Tytr...
  Generating ultra-deep report...
  ✓ Saved to REPORTS/04_INDIVIDUAL_PROFILES/individuals/Christan Tytr.md

[82/200] Ben E
  Loading messages for Ben E...
  Generating ultra-deep report...
  ✓ Saved to REPORTS/04_INDIVIDUAL_PROFILES/individuals/Ben E.md

[83/200] Lindsey
  Loading messages for Lindsey...
  Generating ultra-deep report...
  ✓ Saved to REPORTS/04_INDIVIDUAL_PROFILES/individuals/Lindsey.md

[84/200] Steph 💕 & Potato
  Loading messages for Steph 💕 & Potato...
  Generating ultra-deep report...
  ✓ Saved to REPORTS/04_INDIVIDUAL_PROFILES/individuals/Steph 💕 & Potato.md

[85/200] Max & Marisa & +19148307879 & +12039527873 & +12032490031 & +12032951931 & +12039044030 & +12039819355 & Gary
  Loading messages for Max & Marisa & +19148307879 & +12039527873 & +12032490031 & +12032951931 & +12039044030 & +12039819355 & Gary...
  Generating ultra-deep report...
  ✓ Saved to REPORTS/04_INDIVIDUAL_PROFILES/individuals/Max & Marisa & +19148307879 & +12039527873 & +12032490031 & +12032951931 & +12039044030 & +12039819355 & Gary.md

[86/200] +15042664562
  Loading messages for +15042664562...
  Generating ultra-deep report...
  ✓ Saved to REPORTS/04_INDIVIDUAL_PROFILES/individuals/+15042664562.md

[87/200] Hannah Tattoo
  Loading messages for Hannah Tattoo...
  Generating ultra-deep report...
  ✓ Saved to REPORTS/04_INDIVIDUAL_PROFILES/individuals/Hannah Tattoo.md

[88/200] Mike G
  Loading messages for Mike G...
  Generating ultra-deep report...
  ✓ Saved to REPORTS/04_INDIVIDUAL_PROFILES/individuals/Mike G.md

[89/200] X
  Loading messages for X...
  Generating ultra-deep report...
  ✓ Saved to REPORTS/04_INDIVIDUAL_PROFILES/individuals/X.md

[90/200] Hamel Erika
  Loading messages for Hamel Erika...
  Generating ultra-deep report...
  ✓ Saved to REPORTS/04_INDIVIDUAL_PROFILES/individuals/Hamel Erika.md

[91/200] Seb & K
  Loading messages for Seb & K...
  Generating ultra-deep report...
  ✓ Saved to REPORTS/04_INDIVIDUAL_PROFILES/individuals/Seb & K.md

[92/200] Omari
  Loading messages for Omari...
  Generating ultra-deep report...
  ✓ Saved to REPORTS/04_INDIVIDUAL_PROFILES/individuals/Omari.md

[93/200] K
  Loading messages for K...
  Generating ultra-deep report...
  ✓ Saved to REPORTS/04_INDIVIDUAL_PROFILES/individuals/K.md

[94/200] Shane
  Loading messages for Shane...
  Generating ultra-deep report...
  ✓ Saved to REPORTS/04_INDIVIDUAL_PROFILES/individuals/Shane.md

[95/200] d
  Loading messages for d...
  Generating ultra-deep report...
  ✓ Saved to REPORTS/04_INDIVIDUAL_PROFILES/individuals/d.md

[96/200] Cole & Brandon & +12035566030 & Dre & +12035450968
  Loading messages for Cole & Brandon & +12035566030 & Dre & +12035450968...
  Generating ultra-deep report...
  ✓ Saved to REPORTS/04_INDIVIDUAL_PROFILES/individuals/Cole & Brandon & +12035566030 & Dre & +12035450968.md

[97/200] drew
  Loading messages for drew...
  Generating ultra-deep report...
  ✓ Saved to REPORTS/04_INDIVIDUAL_PROFILES/individuals/drew.md

[98/200] 2 Perverts y una Tia
  Loading messages for 2 Perverts y una Tia...
  Generating ultra-deep report...
  ✓ Saved to REPORTS/04_INDIVIDUAL_PROFILES/individuals/2 Perverts y una Tia.md

[99/200] The Unction™️
  Loading messages for The Unction™️...
  Generating ultra-deep report...
  ✓ Saved to REPORTS/04_INDIVIDUAL_PROFILES/individuals/The Unction™️.md

[100/200] Ean
  Loading messages for Ean...
  Generating ultra-deep report...
  ✓ Saved to REPORTS/04_INDIVIDUAL_PROFILES/individuals/Ean.md

[101/200] Dad
  Loading messages for Dad...
  Generating ultra-deep report...
  ✓ Saved to REPORTS/04_INDIVIDUAL_PROFILES/family/Dad.md

[102/200] Cole & Isabel De Leon
  Loading messages for Cole & Isabel De Leon...
  Generating ultra-deep report...
  ✓ Saved to REPORTS/04_INDIVIDUAL_PROFILES/individuals/Cole & Isabel De Leon.md

[103/200] raccoon pounderer.
  Loading messages for raccoon pounderer....
  Generating ultra-deep report...
  ✓ Saved to REPORTS/04_INDIVIDUAL_PROFILES/individuals/raccoon pounderer..md

[104/200] Gamon
  Loading messages for Gamon...
  Generating ultra-deep report...
  ✓ Saved to REPORTS/04_INDIVIDUAL_PROFILES/individuals/Gamon.md

[105/200] Ori
  Loading messages for Ori...
  Generating ultra-deep report...
  ✓ Saved to REPORTS/04_INDIVIDUAL_PROFILES/individuals/Ori.md

[106/200] Issabella Frango
  Loading messages for Issabella Frango...
  Generating ultra-deep report...
  ✓ Saved to REPORTS/04_INDIVIDUAL_PROFILES/individuals/Issabella Frango.md

[107/200] jimmi m
  Loading messages for jimmi m...
  Generating ultra-deep report...
  ✓ Saved to REPORTS/04_INDIVIDUAL_PROFILES/individuals/jimmi m.md

[108/200] Max & Dre
  Loading messages for Max & Dre...
  Generating ultra-deep report...
  ✓ Saved to REPORTS/04_INDIVIDUAL_PROFILES/individuals/Max & Dre.md

[109/200] Potato & Thot Daughter & Jane Lott & johnny o
  Loading messages for Potato & Thot Daughter & Jane Lott & johnny o...
  Generating ultra-deep report...
  ✓ Saved to REPORTS/04_INDIVIDUAL_PROFILES/individuals/Potato & Thot Daughter & Jane Lott & johnny o.md

[110/200] Potato & sean
  Loading messages for Potato & sean...
  Generating ultra-deep report...
  ✓ Saved to REPORTS/04_INDIVIDUAL_PROFILES/individuals/Potato & sean.md

[111/200] Dr L
  Loading messages for Dr L...
  Generating ultra-deep report...
  ✓ Saved to REPORTS/04_INDIVIDUAL_PROFILES/individuals/Dr L.md

[112/200] Grandma T Cell & Dad & Aunt Eric Cell & Mark Cell & Connie & Alisha & Mom & +12037107577
  Loading messages for Grandma T Cell & Dad & Aunt Eric Cell & Mark Cell & Connie & Alisha & Mom & +12037107577...
  Generating ultra-deep report...
  ✓ Saved to REPORTS/04_INDIVIDUAL_PROFILES/individuals/Grandma T Cell & Dad & Aunt Eric Cell & Mark Cell & Connie & Alisha & Mom & +12037107577.md

[113/200] Julia Rain Grounds & Potato & Connor
  Loading messages for Julia Rain Grounds & Potato & Connor...
  Generating ultra-deep report...
  ✓ Saved to REPORTS/04_INDIVIDUAL_PROFILES/individuals/Julia Rain Grounds & Potato & Connor.md

[114/200] old toast
  Loading messages for old toast...
  Generating ultra-deep report...
  ✓ Saved to REPORTS/04_INDIVIDUAL_PROFILES/individuals/old toast.md

[115/200] Grace Mullane
  Loading messages for Grace Mullane...
  Generating ultra-deep report...
  ✓ Saved to REPORTS/04_INDIVIDUAL_PROFILES/individuals/Grace Mullane.md

[116/200] Cros
  Loading messages for Cros...
  Generating ultra-deep report...
  ✓ Saved to REPORTS/04_INDIVIDUAL_PROFILES/individuals/Cros.md

[117/200] Cole & Steph 💕
  Loading messages for Cole & Steph 💕...
  Generating ultra-deep report...
  ✓ Saved to REPORTS/04_INDIVIDUAL_PROFILES/individuals/Cole & Steph 💕.md

[118/200] Cole & Thigo Silvia
  Loading messages for Cole & Thigo Silvia...
  Generating ultra-deep report...
  ✓ Saved to REPORTS/04_INDIVIDUAL_PROFILES/individuals/Cole & Thigo Silvia.md

[119/200] Alexis
  Loading messages for Alexis...
  Generating ultra-deep report...
  ✓ Saved to REPORTS/04_INDIVIDUAL_PROFILES/individuals/Alexis.md

[120/200] hoes and homos
  Loading messages for hoes and homos...
  Generating ultra-deep report...
  ✓ Saved to REPORTS/04_INDIVIDUAL_PROFILES/individuals/hoes and homos.md

[121/200] Katia Tavarez
  Loading messages for Katia Tavarez...
  Generating ultra-deep report...
  ✓ Saved to REPORTS/04_INDIVIDUAL_PROFILES/individuals/Katia Tavarez.md

[122/200] Hinge Jen
  Loading messages for Hinge Jen...
  Generating ultra-deep report...
  ✓ Saved to REPORTS/04_INDIVIDUAL_PROFILES/individuals/Hinge Jen.md

[123/200] Mark Cell
  Loading messages for Mark Cell...
  Generating ultra-deep report...
  ✓ Saved to REPORTS/04_INDIVIDUAL_PROFILES/individuals/Mark Cell.md

[124/200] johnny o
  Loading messages for johnny o...
  Generating ultra-deep report...
  ✓ Saved to REPORTS/04_INDIVIDUAL_PROFILES/individuals/johnny o.md

[125/200] Steph 💕 & Julia Rain Grounds & Potato
  Loading messages for Steph 💕 & Julia Rain Grounds & Potato...
  Generating ultra-deep report...
  ✓ Saved to REPORTS/04_INDIVIDUAL_PROFILES/individuals/Steph 💕 & Julia Rain Grounds & Potato.md

[126/200] Katia Tavarez & Max
  Loading messages for Katia Tavarez & Max...
  Generating ultra-deep report...
  ✓ Saved to REPORTS/04_INDIVIDUAL_PROFILES/individuals/Katia Tavarez & Max.md

[127/200] Seb
  Loading messages for Seb...
  Generating ultra-deep report...
  ✓ Saved to REPORTS/04_INDIVIDUAL_PROFILES/individuals/Seb.md

[128/200] BrookeG
  Loading messages for BrookeG...
  Generating ultra-deep report...
  ✓ Saved to REPORTS/04_INDIVIDUAL_PROFILES/individuals/BrookeG.md

[129/200] Ellie Haney
  Loading messages for Ellie Haney...
  Generating ultra-deep report...
  ✓ Saved to REPORTS/04_INDIVIDUAL_PROFILES/individuals/Ellie Haney.md

[130/200] Michael Berardini & Nancy Brady & Anastasia Mello & +18605154777 & +15082611335 & +12013641854 & +14018089920 & +17813011017 & +16037596991 & +14014814720 & +15086544572 & +19738864589 & +12039237772 & +19788460035 & +18607185429 & +19734079245
  Loading messages for Michael Berardini & Nancy Brady & Anastasia Mello & +18605154777 & +15082611335 & +12013641854 & +14018089920 & +17813011017 & +16037596991 & +14014814720 & +15086544572 & +19738864589 & +12039237772 & +19788460035 & +18607185429 & +19734079245...
  Generating ultra-deep report...
  ✓ Saved to REPORTS/04_INDIVIDUAL_PROFILES/individuals/Michael Berardini & Nancy Brady & Anastasia Mello & +18605154777 & +15082611335 & +12013641854 & +14018089920 & +17813011017 & +16037596991 & +14014814720 & +15086544572 & +19738864589 & +12039237772 & +19788460035 & +18607185429 & +19734079245.md

[131/200] Connie
  Loading messages for Connie...
  Generating ultra-deep report...
  ✓ Saved to REPORTS/04_INDIVIDUAL_PROFILES/individuals/Connie.md

[132/200] Isabel De Leon
  Loading messages for Isabel De Leon...
  Generating ultra-deep report...
  ✓ Saved to REPORTS/04_INDIVIDUAL_PROFILES/individuals/Isabel De Leon.md

[133/200] Guy From Train
  Loading messages for Guy From Train...
  Generating ultra-deep report...
  ✓ Saved to REPORTS/04_INDIVIDUAL_PROFILES/individuals/Guy From Train.md

[134/200] miles
  Loading messages for miles...
  Generating ultra-deep report...
  ✓ Saved to REPORTS/04_INDIVIDUAL_PROFILES/individuals/miles.md

[135/200] why didn’t anyone add drew?
  Loading messages for why didn’t anyone add drew?...
  Generating ultra-deep report...
  ✓ Saved to REPORTS/04_INDIVIDUAL_PROFILES/individuals/why didn’t anyone add drew?.md

[136/200] Seb & K & d
  Loading messages for Seb & K & d...
  Generating ultra-deep report...
  ✓ Saved to REPORTS/04_INDIVIDUAL_PROFILES/individuals/Seb & K & d.md

[137/200] Michael Kenny
  Loading messages for Michael Kenny...
  Generating ultra-deep report...
  ✓ Saved to REPORTS/04_INDIVIDUAL_PROFILES/individuals/Michael Kenny.md

[138/200] MOOSE T
  Loading messages for MOOSE T...
  Generating ultra-deep report...
  ✓ Saved to REPORTS/04_INDIVIDUAL_PROFILES/individuals/MOOSE T.md

[139/200] Alastair Bruce
  Loading messages for Alastair Bruce...
  Generating ultra-deep report...
  ✓ Saved to REPORTS/04_INDIVIDUAL_PROFILES/individuals/Alastair Bruce.md

[140/200] Jess Wi
  Loading messages for Jess Wi...
  Generating ultra-deep report...
  ✓ Saved to REPORTS/04_INDIVIDUAL_PROFILES/individuals/Jess Wi.md

[141/200] Jane Lott
  Loading messages for Jane Lott...
  Generating ultra-deep report...
  ✓ Saved to REPORTS/04_INDIVIDUAL_PROFILES/individuals/Jane Lott.md

[142/200] Maddie
  Loading messages for Maddie...
  Generating ultra-deep report...
  ✓ Saved to REPORTS/04_INDIVIDUAL_PROFILES/individuals/Maddie.md

[143/200] Oliver sponsee
  Loading messages for Oliver sponsee...
  Generating ultra-deep report...
  ✓ Saved to REPORTS/04_INDIVIDUAL_PROFILES/individuals/Oliver sponsee.md

[144/200] becca
  Loading messages for becca...
  Generating ultra-deep report...
  ✓ Saved to REPORTS/04_INDIVIDUAL_PROFILES/individuals/becca.md

[145/200] fuck around and find out
  Loading messages for fuck around and find out...
  Generating ultra-deep report...
  ✓ Saved to REPORTS/04_INDIVIDUAL_PROFILES/individuals/fuck around and find out.md

[146/200] Julia Rain Grounds & Potato
  Loading messages for Julia Rain Grounds & Potato...
  Generating ultra-deep report...
  ✓ Saved to REPORTS/04_INDIVIDUAL_PROFILES/individuals/Julia Rain Grounds & Potato.md

[147/200] Dan M YATR
  Loading messages for Dan M YATR...
  Generating ultra-deep report...
  ✓ Saved to REPORTS/04_INDIVIDUAL_PROFILES/individuals/Dan M YATR.md

[148/200] Aunts, Uncs, and Cunts💜
  Loading messages for Aunts, Uncs, and Cunts💜...
  Generating ultra-deep report...
  ✓ Saved to REPORTS/04_INDIVIDUAL_PROFILES/individuals/Aunts, Uncs, and Cunts💜.md

[149/200] Barrett
  Loading messages for Barrett...
  Generating ultra-deep report...
  ✓ Saved to REPORTS/04_INDIVIDUAL_PROFILES/individuals/Barrett.md

[150/200] Jess H & Katia Tavarez & Max
  Loading messages for Jess H & Katia Tavarez & Max...
  Generating ultra-deep report...
  ✓ Saved to REPORTS/04_INDIVIDUAL_PROFILES/individuals/Jess H & Katia Tavarez & Max.md

[151/200] Cole & Gabby
  Loading messages for Cole & Gabby...
  Generating ultra-deep report...
  ✓ Saved to REPORTS/04_INDIVIDUAL_PROFILES/individuals/Cole & Gabby.md

[152/200] ben rjs
  Loading messages for ben rjs...
  Generating ultra-deep report...
  ✓ Saved to REPORTS/04_INDIVIDUAL_PROFILES/individuals/ben rjs.md

[153/200] An Hewit
  Loading messages for An Hewit...
  Generating ultra-deep report...
  ✓ Saved to REPORTS/04_INDIVIDUAL_PROFILES/individuals/An Hewit.md

[154/200] Brooke
  Loading messages for Brooke...
  Generating ultra-deep report...
  ✓ Saved to REPORTS/04_INDIVIDUAL_PROFILES/individuals/Brooke.md

[155/200] Yacht Cock 
  Loading messages for Yacht Cock ...
  Generating ultra-deep report...
  ✓ Saved to REPORTS/04_INDIVIDUAL_PROFILES/individuals/Yacht Cock .md

[156/200] Karen
  Loading messages for Karen...
  Generating ultra-deep report...
  ✓ Saved to REPORTS/04_INDIVIDUAL_PROFILES/individuals/Karen.md

[157/200] Dawn Rodgers
  Loading messages for Dawn Rodgers...
  Generating ultra-deep report...
  ✓ Saved to REPORTS/04_INDIVIDUAL_PROFILES/individuals/Dawn Rodgers.md

[158/200] Just a Girl ~litteraly~
  Loading messages for Just a Girl ~litteraly~...
  Generating ultra-deep report...
  ✓ Saved to REPORTS/04_INDIVIDUAL_PROFILES/individuals/Just a Girl ~litteraly~.md

[159/200] Bob G & Ron & +12035052723 & +12032439957 & +19143936526
  Loading messages for Bob G & Ron & +12035052723 & +12032439957 & +19143936526...
  Generating ultra-deep report...
  ✓ Saved to REPORTS/04_INDIVIDUAL_PROFILES/individuals/Bob G & Ron & +12035052723 & +12032439957 & +19143936526.md

[160/200] Lauren A
  Loading messages for Lauren A...
  Generating ultra-deep report...
  ✓ Saved to REPORTS/04_INDIVIDUAL_PROFILES/individuals/Lauren A.md

[161/200] Kelly Norman
  Loading messages for Kelly Norman...
  Generating ultra-deep report...
  ✓ Saved to REPORTS/04_INDIVIDUAL_PROFILES/individuals/Kelly Norman.md

[162/200] James L
  Loading messages for James L...
  Generating ultra-deep report...
  ✓ Saved to REPORTS/04_INDIVIDUAL_PROFILES/individuals/James L.md

[163/200] Alex
  Loading messages for Alex...
  Generating ultra-deep report...
  ✓ Saved to REPORTS/04_INDIVIDUAL_PROFILES/individuals/Alex.md

[164/200] miles & Potato & MOOSE T & raccoon pounderer. & Ori & d(real) & Dean Martel & Thot Daughter & mike b
  Loading messages for miles & Potato & MOOSE T & raccoon pounderer. & Ori & d(real) & Dean Martel & Thot Daughter & mike b...
  Generating ultra-deep report...
  ✓ Saved to REPORTS/04_INDIVIDUAL_PROFILES/individuals/miles & Potato & MOOSE T & raccoon pounderer. & Ori & d(real) & Dean Martel & Thot Daughter & mike b.md

[165/200] Cole & Brandon & Kathryn & +12035566030 & Dre
  Loading messages for Cole & Brandon & Kathryn & +12035566030 & Dre...
  Generating ultra-deep report...
  ✓ Saved to REPORTS/04_INDIVIDUAL_PROFILES/individuals/Cole & Brandon & Kathryn & +12035566030 & Dre.md

[166/200] Rich El Gato
  Loading messages for Rich El Gato...
  Generating ultra-deep report...
  ✓ Saved to REPORTS/04_INDIVIDUAL_PROFILES/individuals/Rich El Gato.md

[167/200] CJ 💛
  Loading messages for CJ 💛...
  Generating ultra-deep report...
  ✓ Saved to REPORTS/04_INDIVIDUAL_PROFILES/individuals/CJ 💛.md

[168/200] richard- the cool one
  Loading messages for richard- the cool one...
  Generating ultra-deep report...
  ✓ Saved to REPORTS/04_INDIVIDUAL_PROFILES/individuals/richard- the cool one.md

[169/200] Jackles Inc
  Loading messages for Jackles Inc...
  Generating ultra-deep report...
  ✓ Saved to REPORTS/04_INDIVIDUAL_PROFILES/individuals/Jackles Inc.md

[170/200] Phillip sponsee
  Loading messages for Phillip sponsee...
  Generating ultra-deep report...
  ✓ Saved to REPORTS/04_INDIVIDUAL_PROFILES/individuals/Phillip sponsee.md

[171/200] daniel thee sponsee
  Loading messages for daniel thee sponsee...
  Generating ultra-deep report...
  ✓ Saved to REPORTS/04_INDIVIDUAL_PROFILES/individuals/daniel thee sponsee.md

[172/200] Potato & Thot Daughter
  Loading messages for Potato & Thot Daughter...
  Generating ultra-deep report...
  ✓ Saved to REPORTS/04_INDIVIDUAL_PROFILES/individuals/Potato & Thot Daughter.md

[173/200] Cole
  Loading messages for Cole...
  Generating ultra-deep report...
  ✓ Saved to REPORTS/04_INDIVIDUAL_PROFILES/individuals/Cole.md

[174/200] Max & Julia Rain Grounds & Dre
  Loading messages for Max & Julia Rain Grounds & Dre...
  Generating ultra-deep report...
  ✓ Saved to REPORTS/04_INDIVIDUAL_PROFILES/individuals/Max & Julia Rain Grounds & Dre.md

[175/200] Jessica & becca
  Loading messages for Jessica & becca...
  Generating ultra-deep report...
  ✓ Saved to REPORTS/04_INDIVIDUAL_PROFILES/individuals/Jessica & becca.md

[176/200] Politics Aaron
  Loading messages for Politics Aaron...
  Generating ultra-deep report...
  ✓ Saved to REPORTS/04_INDIVIDUAL_PROFILES/individuals/Politics Aaron.md

[177/200] Mom
  Loading messages for Mom...
  Generating ultra-deep report...
  ✓ Saved to REPORTS/04_INDIVIDUAL_PROFILES/family/Mom.md

[178/200] Ron
  Loading messages for Ron...
  Generating ultra-deep report...
  ✓ Saved to REPORTS/04_INDIVIDUAL_PROFILES/individuals/Ron.md

[179/200] Mike Shes
  Loading messages for Mike Shes...
  Generating ultra-deep report...
  ✓ Saved to REPORTS/04_INDIVIDUAL_PROFILES/individuals/Mike Shes.md

[180/200] UnHinged
  Loading messages for UnHinged...
  Generating ultra-deep report...
  ✓ Saved to REPORTS/04_INDIVIDUAL_PROFILES/individuals/UnHinged.md

[181/200] nick
  Loading messages for nick...
  Generating ultra-deep report...
  ✓ Saved to REPORTS/04_INDIVIDUAL_PROFILES/individuals/nick.md

[182/200] Connor
  Loading messages for Connor...
  Generating ultra-deep report...
  ✓ Saved to REPORTS/04_INDIVIDUAL_PROFILES/individuals/Connor.md

[183/200] Mitch
  Loading messages for Mitch...
  Generating ultra-deep report...
  ✓ Saved to REPORTS/04_INDIVIDUAL_PROFILES/individuals/Mitch.md

[184/200] Terminally Burt
  Loading messages for Terminally Burt...
  Generating ultra-deep report...
  ✓ Saved to REPORTS/04_INDIVIDUAL_PROFILES/individuals/Terminally Burt.md

[185/200] autism party
  Loading messages for autism party...
  Generating ultra-deep report...
  ✓ Saved to REPORTS/04_INDIVIDUAL_PROFILES/individuals/autism party.md

[186/200] Stag Spirit Shop Punta adults with 401ks
  Loading messages for Stag Spirit Shop Punta adults with 401ks...
  Generating ultra-deep report...
  ✓ Saved to REPORTS/04_INDIVIDUAL_PROFILES/individuals/Stag Spirit Shop Punta adults with 401ks.md

[187/200] GABRIELLE WADE
  Loading messages for GABRIELLE WADE...
  Generating ultra-deep report...
  ✓ Saved to REPORTS/04_INDIVIDUAL_PROFILES/individuals/GABRIELLE WADE.md

[188/200] Grittytude
  Loading messages for Grittytude...
  Generating ultra-deep report...
  ✓ Saved to REPORTS/04_INDIVIDUAL_PROFILES/individuals/Grittytude.md

[189/200] One-Shot-Squad
  Loading messages for One-Shot-Squad...
  Generating ultra-deep report...
  ✓ Saved to REPORTS/04_INDIVIDUAL_PROFILES/individuals/One-Shot-Squad.md

[190/200] belladonna
  Loading messages for belladonna...
  Generating ultra-deep report...
  ✓ Saved to REPORTS/04_INDIVIDUAL_PROFILES/individuals/belladonna.md

[191/200] Sarah L
  Loading messages for Sarah L...
  Generating ultra-deep report...
  ✓ Saved to REPORTS/04_INDIVIDUAL_PROFILES/individuals/Sarah L.md

[192/200] Ania
  Loading messages for Ania...
  Generating ultra-deep report...
  ✓ Saved to REPORTS/04_INDIVIDUAL_PROFILES/individuals/Ania.md

[193/200] Papa John
  Loading messages for Papa John...
  Generating ultra-deep report...
  ✓ Saved to REPORTS/04_INDIVIDUAL_PROFILES/individuals/Papa John.md

[194/200] Rose
  Loading messages for Rose...
  Generating ultra-deep report...
  ✓ Saved to REPORTS/04_INDIVIDUAL_PROFILES/individuals/Rose.md

[195/200] Potato & johnny o
  Loading messages for Potato & johnny o...
  Generating ultra-deep report...
  ✓ Saved to REPORTS/04_INDIVIDUAL_PROFILES/individuals/Potato & johnny o.md

[196/200] Bella
  Loading messages for Bella...
  Generating ultra-deep report...
  ✓ Saved to REPORTS/04_INDIVIDUAL_PROFILES/individuals/Bella.md

[197/200] Nikki
  Loading messages for Nikki...
  Generating ultra-deep report...
  ✓ Saved to REPORTS/04_INDIVIDUAL_PROFILES/individuals/Nikki.md

[198/200] Nick Toledo
  Loading messages for Nick Toledo...
  Generating ultra-deep report...
  ✓ Saved to REPORTS/04_INDIVIDUAL_PROFILES/individuals/Nick Toledo.md

[199/200] Sam H
  Loading messages for Sam H...
  Generating ultra-deep report...
  ✓ Saved to REPORTS/04_INDIVIDUAL_PROFILES/individuals/Sam H.md

[200/200] Space Adventures 2: the Spaceaning
  Loading messages for Space Adventures 2: the Spaceaning...
  Generating ultra-deep report...
  ✓ Saved to REPORTS/04_INDIVIDUAL_PROFILES/individuals/Space Adventures 2: the Spaceaning.md

============================================================
✓ COMPLETED: Generated 200 ultra-deep reports
============================================================
